2023-07-22 16:23:19 caller:8 982 318 78 27 callee:+79933803921 duration:318
2023-05-10 05:06:39 caller:+7-911-483-97-67 callee:8 (912) 086 85 65 duration:506
2023-09-16 13:03:29 caller:+79182214118 callee:+7 961 299 91 13 duration:211
2023-11-07 11:11:17 caller:+7-947-995-19-27 callee:+7-908-150-01-26 duration:458
2023-05-30 20:21:33 caller:+79892911168 callee:+7(930)3447233 duration:508
2023-07-10 21:01:34 caller:+7-985-901-36-11 callee:8-996-281-10-21 duration:451
2023-06-02 00:30:44 caller:+7 908 926 25 60 callee:8 930 150 85 81 duration:237
2023-03-31 15:40:02 caller:+79349513374 callee:89978700303 duration:518
2023-07-01 02:50:16 caller:+79946676306 callee:8-926-078-94-14 duration:334
2023-04-26 00:01:10 caller:8 983 848 53 15 callee:+7 932 011 50 77 duration:389
2023-10-24 21:25:27 caller:+7-944-603-67-40 callee:+7 961 576 99 66 duration:218
2023-04-30 12:34:32 caller:8 937 508 12 78 callee:89308440475 duration:564
2023-07-11 23:50:38 caller:+7-995-540-04-42 callee:+7 906 657 82 06 duration:325
2023-05-22 02:07:10 caller:+79182214118 callee:+7 967 533 98 87 duration:475
2023-01-26 09:41:37 caller:8 982 318 78 27 callee:8(944)2143279 duration:287
2023-03-04 13:40:57 caller:+7-991-621-74-49 callee:+7 949 439 17 52 duration:597
2023-07-18 23:16:57 caller:+79716635309 callee:8-925-292-86-06 duration:121
2023-01-11 20:26:46 caller:+7-982-345-84-79 callee:+7-(902)-263-04-35 duration:49
2023-02-10 03:36:14 caller:+7 (919) 236 71 79 callee:8 995 201 13 60 duration:85
2023-02-11 13:16:27 caller:8-909-555-32-99 callee:8-960-420-66-22 duration:349
2023-05-26 02:37:38 caller:+79069338991 callee:8-(988)-028-55-29 duration:66
2023-03-18 06:31:34 caller:8(967)7015905 callee:8-929-387-02-55 duration:20
2023-12-28 20:00:35 caller:+7 988 690 82 21 callee:8-(928)-813-52-27 duration:117
2023-08-02 07:45:57 caller:+7 945 231 51 89 callee:8 938 641 74 55 duration:80
2023-10-29 10:48:27 caller:8 912 679 96 22 callee:89776710373 duration:308
2023-02-20 18:14:42 caller:8-994-101-73-80 callee:8-947-895-93-77 duration:279
2023-04-10 21:24:26 caller:8 960 709 10 34 callee:+7 998 933 95 85 duration:501
2023-04-01 09:50:42 caller:+79687888933 callee:8-925-292-86-06 duration:538
2023-01-17 04:39:05 caller:89991520646 callee:8 946 792 54 39 duration:338
2023-06-26 23:44:38 caller:+7 951 746 49 12 callee:+7 973 026 90 80 duration:492
2023-09-08 21:43:19 caller:89294766679 callee:+7 961 299 91 13 duration:374
2023-07-29 23:00:39 caller:+7(936)7934974 callee:8 966 022 57 25 duration:312
2023-02-16 17:53:47 caller:+79762414282 callee:89075741207 duration:390
2023-03-04 14:43:53 caller:8-932-933-17-40 callee:+7-(997)-871-52-00 duration:270
2023-07-01 20:38:06 caller:+7(920)4003716 callee:+7 (933) 416 44 17 duration:519
2023-07-31 23:18:08 caller:8 995 348 91 27 callee:8 928 436 19 99 duration:8
2023-02-10 23:39:04 caller:+79182214118 callee:+79751897126 duration:137
2023-03-06 13:56:05 caller:+7 903 379 76 92 callee:8 940 502 63 71 duration:290
2023-12-07 11:56:47 caller:8(975)7765690 callee:89116881457 duration:72
2023-11-26 07:33:29 caller:+79229939549 callee:8-983-188-99-27 duration:262
2023-09-20 07:40:22 caller:+79761977043 callee:8 (923) 381 89 88 duration:280
2023-04-01 03:39:45 caller:+7 953 682 42 08 callee:8(951)6088235 duration:444
2023-10-17 03:36:03 caller:8-(907)-263-06-17 callee:8 941 170 30 30 duration:56
2023-06-25 07:10:50 caller:+79182214118 callee:8 936 146 38 22 duration:85
2023-11-08 11:13:51 caller:8 956 766 36 44 callee:8-960-420-66-22 duration:96
2023-04-16 20:36:12 caller:+7-960-045-95-32 callee:8-(959)-012-66-31 duration:264
2023-08-25 04:06:27 caller:+7-958-335-76-54 callee:+7 (943) 108 61 14 duration:277
2023-01-27 13:02:25 caller:8-944-460-25-74 callee:89443514692 duration:344
2023-01-15 08:25:45 caller:8 (935) 123 31 73 callee:+7 912 973 19 22 duration:168
2023-11-29 23:11:26 caller:+7-928-468-74-79 callee:8 903 476 94 18 duration:83
2023-12-19 15:45:39 caller:89853669543 callee:8 996 947 44 58 duration:510
2023-10-13 23:29:12 caller:+79865966451 callee:+7 988 008 64 63 duration:348
2023-08-29 21:42:54 caller:+79716635309 callee:+79948753695 duration:419
2023-06-12 18:08:18 caller:8 (935) 123 31 73 callee:8-949-943-89-08 duration:410
2023-10-03 04:33:15 caller:+7 987 427 21 58 callee:+7-945-522-97-98 duration:453
2023-09-22 23:14:46 caller:8 954 581 95 34 callee:+79661832437 duration:145
2023-08-09 10:32:23 caller:+7 974 706 74 80 callee:+79897919737 duration:402
2023-07-31 16:00:08 caller:8 (917) 512 15 27 callee:+7 941 989 81 93 duration:388
2023-01-12 23:35:29 caller:8 (977) 307 15 37 callee:8-975-809-97-15 duration:554
2023-05-03 10:19:47 caller:+7 981 066 36 51 callee:89158569384 duration:102
2023-04-20 13:06:07 caller:8-936-149-23-45 callee:8 966 863 33 21 duration:535
2023-09-23 16:51:16 caller:+79761977043 callee:+7-913-767-29-85 duration:183
2023-08-30 05:01:10 caller:89248427368 callee:8-983-266-90-43 duration:279
2023-09-15 04:37:25 caller:+79865966451 callee:8-983-368-02-59 duration:571
2023-12-17 08:11:53 caller:8-949-254-61-07 callee:+79948753695 duration:411
2023-10-22 16:55:45 caller:+7 945 231 51 89 callee:89075741207 duration:336
2023-05-29 20:29:40 caller:8-905-878-47-46 callee:8 903 476 94 18 duration:75
2023-06-12 22:16:27 caller:8 913 611 88 37 callee:8-983-368-02-59 duration:489
2023-06-04 23:18:21 caller:+79101390487 callee:89978700303 duration:392
2023-03-16 21:24:46 caller:8-944-460-25-74 callee:+79305492010 duration:212
2023-04-17 23:33:49 caller:+7 914 936 21 73 callee:+7-994-152-47-57 duration:417
2023-09-25 08:13:37 caller:8-906-892-16-86 callee:+7 (933) 416 44 17 duration:355
2023-06-21 00:42:03 caller:8 974 783 94 21 callee:+7-945-522-97-98 duration:434
2023-02-16 07:17:52 caller:+7 951 020 21 49 callee:+7-969-381-99-42 duration:226
2023-08-20 14:26:19 caller:8 912 679 96 22 callee:+7 938 531 88 03 duration:550
2023-06-12 18:21:27 caller:8 946 521 06 87 callee:8 972 099 55 99 duration:273
2023-06-20 00:58:48 caller:8 940 078 18 89 callee:+7-934-878-70-29 duration:401
2023-04-02 13:36:05 caller:89360271963 callee:+79524651819 duration:155
2023-08-25 09:16:21 caller:8-907-904-60-89 callee:+7 913 854 17 21 duration:304
2023-12-01 22:56:07 caller:8-968-202-02-25 callee:+7(930)3447233 duration:260
2023-10-07 17:30:14 caller:8 911 640 06 31 callee:+7-(985)-927-40-88 duration:262
2023-07-06 09:13:21 caller:8 913 513 60 58 callee:89351121953 duration:153
2023-04-13 18:03:40 caller:8-920-276-41-56 callee:8 926 150 37 35 duration:578
2023-09-28 15:46:05 caller:+79094178200 callee:+7-942-678-17-95 duration:44
2023-09-25 10:23:00 caller:8 970 890 70 07 callee:+7-931-565-74-38 duration:467
2023-09-17 03:15:37 caller:8 978 881 28 01 callee:8-(988)-028-55-29 duration:191
2023-04-28 16:22:31 caller:+7 944 267 31 37 callee:8 910 333 63 25 duration:440
2023-07-22 12:45:07 caller:+79310297409 callee:8-(980)-861-40-73 duration:161
2023-04-11 19:33:42 caller:8-(917)-485-26-76 callee:8-907-846-44-17 duration:61
2023-07-22 18:14:18 caller:+7-943-896-66-38 callee:+79129143005 duration:567
2023-06-11 23:09:33 caller:+7-(947)-247-19-40 callee:+7(992)1859177 duration:475
2023-07-30 16:53:51 caller:8 938 926 32 23 callee:+79646293130 duration:238
2023-03-31 08:24:01 caller:+7 988 690 82 21 callee:+7 908 065 25 82 duration:476
2023-03-11 12:49:36 caller:+79774572674 callee:8 934 576 15 68 duration:142
2023-04-26 10:16:24 caller:+7 (907) 913 49 11 callee:8-964-157-36-61 duration:294
2023-03-24 00:12:37 caller:+7-989-543-51-81 callee:8-918-284-04-58 duration:123
2023-12-31 02:10:09 caller:+79196506351 callee:+7-999-299-84-84 duration:473
2023-06-06 08:05:42 caller:+79006396172 callee:8 938 641 74 55 duration:368
2023-08-01 15:57:24 caller:+7 945 231 51 89 callee:8-956-894-27-80 duration:552
2023-06-05 11:32:01 caller:89287047363 callee:8 952 907 08 67 duration:428
2023-06-26 21:35:54 caller:+7-931-589-36-59 callee:+79676363572 duration:201
2023-08-29 16:19:22 caller:8 911 640 06 31 callee:8-983-368-02-59 duration:126
2023-07-28 13:50:04 caller:8(920)3018931 callee:8-956-983-11-89 duration:222
2023-01-07 02:24:53 caller:8 (957) 077 84 82 callee:+7 968 016 37 51 duration:554
2023-09-20 11:00:01 caller:+7 941 012 08 18 callee:8 950 075 80 78 duration:305
2023-03-07 05:54:19 caller:+79894315942 callee:+7 932 011 50 77 duration:274
2023-12-23 14:00:45 caller:8-935-916-48-66 callee:89776710373 duration:251
2023-09-27 08:59:20 caller:+79232652386 callee:8-947-895-93-77 duration:199
2023-11-23 09:26:30 caller:8-968-202-02-25 callee:+7 922 994 80 45 duration:367
2023-05-22 21:49:10 caller:89991520646 callee:+7-(997)-871-52-00 duration:306
2023-04-11 21:03:26 caller:+7-928-468-74-79 callee:8-918-284-04-58 duration:495
2023-10-23 22:24:01 caller:+7-911-483-97-67 callee:+7-(997)-871-52-00 duration:185
2023-12-17 19:04:51 caller:8-956-225-65-35 callee:89351121953 duration:525
2023-01-30 21:29:33 caller:+7 (927) 116 96 91 callee:+7 932 011 50 77 duration:267
2023-08-18 23:44:28 caller:+79690111380 callee:89715120920 duration:260
2023-08-07 11:25:39 caller:+79094178200 callee:+79653102043 duration:191
2023-06-01 22:18:45 caller:8 974 783 94 21 callee:+7 988 008 64 63 duration:203
2023-06-26 06:34:53 caller:89377537417 callee:+7-913-581-31-50 duration:385
2023-04-21 21:04:56 caller:+7 952 640 60 00 callee:8-934-972-63-48 duration:218
2023-12-25 15:49:57 caller:8 (994) 793 77 72 callee:8 952 907 08 67 duration:227
2023-02-01 23:25:08 caller:+7 991 386 10 36 callee:+79585343938 duration:199
2023-12-29 10:40:27 caller:8 910 896 06 64 callee:89467354792 duration:516
2023-03-23 14:28:59 caller:+79101390487 callee:+7 993 560 31 56 duration:578
2023-11-01 17:33:14 caller:89627205533 callee:+7 979 545 93 28 duration:576
2023-06-20 12:44:50 caller:8-939-166-68-48 callee:+7 949 439 17 52 duration:157
2023-08-07 19:31:18 caller:89360271963 callee:89776710373 duration:296
2023-12-24 13:16:16 caller:+79043659873 callee:8 974 526 60 74 duration:352
2023-07-14 19:17:38 caller:8-(943)-877-24-78 callee:+7 987 612 65 18 duration:262
2023-02-28 15:23:07 caller:8-936-149-23-45 callee:+7-910-837-48-82 duration:567
2023-07-29 15:06:06 caller:8 938 926 32 23 callee:8 934 576 15 68 duration:536
2023-02-13 14:45:04 caller:+7-990-807-67-84 callee:+7(930)3447233 duration:217
2023-03-14 08:53:09 caller:+79775556146 callee:89837290823 duration:320
2023-12-09 23:21:52 caller:89057117761 callee:+7-999-469-83-62 duration:14
2023-07-09 18:17:43 caller:8 (957) 077 84 82 callee:8 928 436 19 99 duration:299
2023-04-13 11:46:14 caller:8-927-326-01-21 callee:8-956-983-11-89 duration:126
2023-12-13 12:34:05 caller:+7 944 386 38 97 callee:8-976-298-02-02 duration:144
2023-03-24 01:03:32 caller:+7-943-896-66-38 callee:8 995 201 13 60 duration:380
2023-02-17 02:55:34 caller:89278482886 callee:+7 998 933 95 85 duration:463
2023-11-03 19:38:22 caller:8-(905)-421-03-26 callee:8 941 643 00 88 duration:70
2023-07-01 23:16:32 caller:8 (985) 852 84 05 callee:8 950 075 80 78 duration:230
2023-01-29 00:37:43 caller:+7-995-540-04-42 callee:8 (961) 905 05 71 duration:99
2023-06-19 07:29:02 caller:+7 903 684 96 89 callee:+79156371514 duration:393
2023-01-25 11:45:54 caller:8 974 783 94 21 callee:+79664240867 duration:310
2023-08-02 20:46:12 caller:8 910 896 06 64 callee:8-(988)-028-55-29 duration:457
2023-01-25 23:16:13 caller:89077102177 callee:+7 962 831 56 00 duration:506
2023-05-30 16:12:48 caller:8-938-173-98-27 callee:+7 988 008 64 63 duration:314
2023-01-14 03:33:54 caller:+7 934 775 88 39 callee:8 903 476 94 18 duration:252
2023-07-30 00:09:15 caller:89377537417 callee:+7-952-171-15-54 duration:272
2023-08-26 19:21:31 caller:8-970-072-02-45 callee:8 965 871 64 73 duration:17
2023-09-03 20:00:49 caller:+79383953857 callee:8-907-846-44-17 duration:510
2023-03-21 18:03:49 caller:+7 907 588 99 57 callee:8 (983) 962 65 07 duration:290
2023-06-20 10:56:06 caller:+7-930-722-43-90 callee:89088240419 duration:257
2023-01-02 11:08:53 caller:+7 938 993 66 18 callee:89528921461 duration:443
2023-01-25 22:04:48 caller:8-935-916-48-66 callee:8 942 896 55 12 duration:176
2023-08-27 08:50:41 caller:+7 919 628 17 64 callee:+7 949 439 17 52 duration:480
2023-04-04 18:09:27 caller:+7-983-578-25-41 callee:8 (976) 879 95 00 duration:150
2023-01-05 17:38:46 caller:+79094178200 callee:8 (922) 850 05 51 duration:128
2023-10-06 15:13:28 caller:89077102177 callee:+7 900 342 73 36 duration:148
2023-09-11 11:56:46 caller:+7-928-526-81-00 callee:+7 932 011 50 77 duration:564
2023-07-17 05:23:12 caller:89237472215 callee:+7 994 626 41 85 duration:323
2023-01-29 00:03:06 caller:+7 945 454 09 32 callee:8 (902) 572 18 07 duration:454
2023-03-22 19:54:23 caller:+79775556146 callee:+7 902 574 71 41 duration:208
2023-03-22 12:29:54 caller:+7 999 580 87 15 callee:8-(936)-216-14-91 duration:564
2023-07-31 19:48:05 caller:+79247883867 callee:+7 900 342 73 36 duration:21
2023-08-12 23:01:53 caller:+7 991 386 10 36 callee:+79024241076 duration:412
2023-12-07 00:48:15 caller:8-931-693-50-07 callee:+7-(972)-564-78-73 duration:45
2023-11-20 13:52:41 caller:+79328632941 callee:+7-(972)-564-78-73 duration:387
2023-03-22 06:14:11 caller:8 (950) 698 52 14 callee:89017004576 duration:30
2023-11-06 09:49:47 caller:8-994-101-73-80 callee:8-953-330-45-89 duration:193
2023-08-31 16:42:14 caller:8 948 740 72 12 callee:+79897919737 duration:252
2023-10-13 12:24:33 caller:+7 999 580 87 15 callee:8(913)3556608 duration:212
2023-12-26 21:04:04 caller:89374527397 callee:89845889653 duration:29
2023-05-22 07:03:14 caller:+7(936)7934974 callee:89017004576 duration:539
2023-06-16 07:24:13 caller:+7-982-345-84-79 callee:+7 (933) 416 44 17 duration:433
2023-12-16 11:30:28 caller:8-941-903-44-76 callee:+7 938 531 88 03 duration:43
2023-11-26 07:47:41 caller:8-958-648-69-85 callee:8 924 634 51 33 duration:172
2023-05-18 17:43:52 caller:+7(936)7934974 callee:+7 998 473 01 21 duration:456
2023-10-18 00:57:30 caller:+7 (927) 116 96 91 callee:8-(959)-012-66-31 duration:97
2023-04-14 23:24:44 caller:89360271963 callee:+7 998 473 01 21 duration:516
2023-06-10 19:25:11 caller:8 982 318 78 27 callee:89999742950 duration:148
2023-07-17 01:44:20 caller:89119775783 callee:8 930 558 88 18 duration:330
2023-03-19 10:36:18 caller:89930881699 callee:8(913)3556608 duration:141
2023-06-02 02:34:58 caller:+7 904 329 21 60 callee:+7-925-748-98-65 duration:567
2023-07-22 09:43:58 caller:+7-991-621-74-49 callee:8 932 528 28 89 duration:120
2023-05-27 12:06:12 caller:+79182214118 callee:8-929-387-02-55 duration:262
2023-10-29 15:36:51 caller:+7-995-540-04-42 callee:+7 (999) 819 59 46 duration:296
2023-09-22 00:29:23 caller:8 (977) 307 15 37 callee:8-963-675-49-44 duration:121
2023-01-04 17:58:24 caller:+7-929-160-52-69 callee:89528921461 duration:351
2023-03-21 22:55:09 caller:+79006396172 callee:89251258083 duration:519
2023-12-10 23:26:44 caller:8 (976) 947 54 02 callee:+7 908 065 25 82 duration:311
2023-03-04 06:18:19 caller:+79751129615 callee:+79948753695 duration:251
2023-06-04 16:43:26 caller:+7-911-483-97-67 callee:+7 (933) 416 44 17 duration:484
2023-07-26 23:10:21 caller:+79004466958 callee:+7 913 161 10 39 duration:473
2023-03-01 13:03:49 caller:89360271963 callee:8-947-892-96-68 duration:420
2023-01-04 03:40:00 caller:+7 977 683 19 81 callee:8 995 201 13 60 duration:52
2023-08-30 04:35:47 caller:+7 973 610 61 02 callee:8-976-298-02-02 duration:451
2023-01-05 11:24:47 caller:8-961-216-58-18 callee:8-(915)-306-32-82 duration:171
2023-03-19 11:16:59 caller:+7-928-526-81-00 callee:89443514692 duration:599
2023-11-17 05:37:22 caller:89924916741 callee:89494230967 duration:24
2023-06-29 06:58:09 caller:8 986 483 72 35 callee:+7 995 021 23 07 duration:160
2023-08-24 16:07:56 caller:8-931-693-50-07 callee:+7-913-767-29-85 duration:3
2023-03-21 14:22:52 caller:+79034049391 callee:+7-952-712-24-43 duration:554
2023-07-25 04:01:18 caller:89518917066 callee:8-945-612-27-23 duration:368
2023-09-10 01:34:44 caller:8-(909)-457-10-47 callee:8-948-376-83-47 duration:263
2023-03-04 15:35:28 caller:8 937 508 12 78 callee:+7 (961) 107 66 50 duration:552
2023-06-23 04:35:59 caller:+79043659873 callee:8 991 408 63 29 duration:22
2023-10-09 07:57:48 caller:+79944933089 callee:+7-963-415-56-22 duration:502
2023-03-06 19:38:15 caller:+7-958-335-76-54 callee:+7 962 200 52 36 duration:300
2023-10-19 06:12:46 caller:+7 (989) 371 44 38 callee:+79646293130 duration:71
2023-04-03 19:07:24 caller:8 995 348 91 27 callee:+79342497489 duration:244
2023-01-13 16:23:47 caller:8-928-375-59-05 callee:8-983-368-02-59 duration:348
2023-03-09 07:00:14 caller:+7 944 267 31 37 callee:+79585343938 duration:595
2023-04-24 17:16:11 caller:+79562254712 callee:8-943-596-34-16 duration:286
2023-03-25 21:10:12 caller:8(935)4143058 callee:8-983-368-02-59 duration:154
2023-06-11 09:45:25 caller:8 976 529 63 19 callee:+7 900 342 73 36 duration:561
2023-09-26 13:24:55 caller:+7-923-922-88-29 callee:+7-994-152-47-57 duration:370
2023-08-12 00:05:32 caller:+7 987 427 21 58 callee:+7 979 545 93 28 duration:368
2023-06-22 23:23:30 caller:+7 952 624 80 77 callee:89962050506 duration:59
2023-09-06 00:42:06 caller:8-947-679-19-06 callee:+79129143005 duration:222
2023-11-29 18:40:49 caller:+79043659873 callee:8 924 634 51 33 duration:505
2023-12-02 01:42:50 caller:+7 943 376 09 18 callee:8 940 502 63 71 duration:582
2023-04-18 14:39:26 caller:+7 903 379 76 92 callee:+7 932 857 41 32 duration:87
2023-10-07 12:25:08 caller:+7-983-578-25-41 callee:8 940 502 63 71 duration:537
2023-08-12 00:05:06 caller:+7-930-722-43-90 callee:+79500744516 duration:376
2023-10-18 12:56:34 caller:+7-983-578-25-41 callee:89116881457 duration:343
2023-05-24 01:10:43 caller:8-905-878-47-46 callee:8-(915)-306-32-82 duration:135
2023-10-27 07:51:34 caller:8-928-375-59-05 callee:+7-985-172-91-38 duration:593
2023-06-02 01:47:19 caller:8 944 295 14 27 callee:8 (922) 850 05 51 duration:546
2023-01-25 00:36:23 caller:8-901-845-45-39 callee:8 952 907 08 67 duration:21
2023-10-10 21:21:20 caller:8-910-375-40-70 callee:+79436177394 duration:325
2023-07-26 16:45:40 caller:8-987-725-61-92 callee:+7(930)3447233 duration:247
2023-05-04 18:50:59 caller:8 935 706 27 97 callee:8-907-846-44-17 duration:84
2023-03-07 13:20:15 caller:8 935 706 27 97 callee:89251258083 duration:297
2023-09-23 21:27:03 caller:+79690111380 callee:+79515897840 duration:94
2023-10-13 19:07:30 caller:+7-928-526-81-00 callee:+7(930)3447233 duration:329
2023-01-20 21:38:24 caller:+79822380078 callee:8-982-158-84-32 duration:12
2023-09-14 21:00:49 caller:8-943-037-74-78 callee:8-901-553-96-93 duration:174
2023-11-02 05:34:18 caller:+7 982 642 05 04 callee:8-975-488-78-65 duration:306
2023-04-20 22:02:01 caller:8 (994) 793 77 72 callee:8(951)6088235 duration:70
2023-05-18 23:58:22 caller:+79751129615 callee:8 995 615 70 06 duration:541
2023-03-27 04:14:02 caller:+7-930-722-43-90 callee:8 902 027 11 18 duration:4
2023-03-10 23:16:23 caller:8-906-892-16-86 callee:+7-957-456-11-28 duration:321
2023-10-03 20:31:32 caller:+7-983-578-25-41 callee:8-979-004-47-41 duration:64
2023-01-18 11:18:22 caller:+7-957-760-50-12 callee:8-983-266-90-43 duration:133
2023-03-06 12:20:06 caller:89566071793 callee:8 933 760 80 98 duration:96
2023-04-22 09:07:17 caller:8-920-276-41-56 callee:+7-999-299-84-84 duration:201
2023-05-22 20:45:33 caller:+7-911-265-31-84 callee:8 (976) 879 95 00 duration:177
2023-11-06 07:27:07 caller:+79310297409 callee:+7-929-535-02-95 duration:310
2023-10-27 21:39:08 caller:89119775783 callee:+7 912 973 19 22 duration:103
2023-08-27 21:55:13 caller:+7 989 953 84 26 callee:+7 990 393 05 53 duration:218
2023-10-17 02:28:38 caller:89853669543 callee:+7-942-678-17-95 duration:72
2023-11-21 13:03:16 caller:8-961-216-58-18 callee:+79513096901 duration:564
2023-04-16 12:54:30 caller:+7-992-563-53-62 callee:89805165145 duration:15
2023-08-22 03:39:59 caller:+79441239677 callee:8 968 597 64 37 duration:298
2023-03-11 14:12:46 caller:8 910 896 06 64 callee:89756915618 duration:501
2023-11-30 16:35:19 caller:+79616776583 callee:8 (912) 086 85 65 duration:412
2023-02-19 18:56:49 caller:+79822380078 callee:89116546564 duration:594
2023-12-17 10:45:56 caller:+7 938 993 66 18 callee:+79408949029 duration:461
2023-11-16 01:27:34 caller:+7-(995)-759-65-78 callee:89999742950 duration:160
2023-08-21 15:08:26 caller:+79328632941 callee:+7 992 403 59 67 duration:167
2023-07-27 12:41:32 caller:+7 934 532 95 68 callee:8-949-943-89-08 duration:84
2023-06-25 09:37:50 caller:+7-990-807-67-84 callee:+79395611037 duration:429
2023-11-01 21:26:25 caller:8-909-555-32-99 callee:8 902 027 11 18 duration:156
2023-11-25 02:30:08 caller:+7 951 746 49 12 callee:8-983-368-02-59 duration:340
2023-05-20 19:34:32 caller:+7-944-603-67-40 callee:8 941 643 00 88 duration:304
2023-12-17 18:52:39 caller:8-936-149-23-45 callee:8 (906) 636 97 15 duration:496
2023-09-11 14:21:09 caller:+7-948-443-05-57 callee:8 903 476 94 18 duration:75
2023-07-11 19:55:31 caller:+7 907 588 99 57 callee:8-996-281-10-21 duration:197
2023-01-15 15:03:56 caller:8-905-878-47-46 callee:8-918-284-04-58 duration:160
2023-07-28 15:20:12 caller:+7 934 775 88 39 callee:89978700303 duration:332
2023-10-20 19:15:14 caller:8 911 640 06 31 callee:+7-944-843-58-23 duration:352
2023-03-10 16:57:38 caller:8 982 318 78 27 callee:89116881457 duration:193
2023-05-02 06:05:47 caller:+79349513374 callee:+79646293130 duration:159
2023-11-13 18:29:05 caller:8-957-487-78-34 callee:8 924 076 12 87 duration:265
2023-08-02 15:29:52 caller:+7 968 260 97 50 callee:+7 916 420 15 17 duration:341
2023-03-20 18:49:47 caller:+7-989-198-25-78 callee:+7 913 733 80 87 duration:471
2023-10-07 18:27:14 caller:8 932 106 28 79 callee:+7 947 361 85 35 duration:382
2023-01-24 21:19:01 caller:+7 (989) 371 44 38 callee:8-(928)-813-52-27 duration:397
2023-01-15 18:15:52 caller:+7 944 267 31 37 callee:8-931-138-96-44 duration:191
2023-03-28 03:39:07 caller:+7 988 690 82 21 callee:8 924 634 51 33 duration:279
2023-09-19 05:06:28 caller:+79946676306 callee:89676572573 duration:44
2023-01-24 10:08:39 caller:+7 903 379 76 92 callee:+79664240867 duration:103
2023-04-01 09:29:22 caller:+7 903 379 76 92 callee:8 928 436 19 99 duration:596
2023-12-12 04:35:03 caller:8 926 762 23 18 callee:89116546564 duration:424
2023-02-10 11:55:27 caller:+7 907 588 99 57 callee:+7 913 161 10 39 duration:311
2023-05-13 12:57:52 caller:8(920)3018931 callee:89251258083 duration:187
2023-04-05 03:17:10 caller:8 946 521 06 87 callee:+79263458865 duration:181
2023-03-21 14:33:37 caller:8 976 529 63 19 callee:+7 949 439 17 52 duration:436
2023-04-16 14:20:29 caller:+7 907 588 99 57 callee:8-901-553-96-93 duration:301
2023-06-19 20:46:17 caller:8 964 361 07 14 callee:+79183960739 duration:456
2023-12-02 04:22:54 caller:8-932-933-17-40 callee:+7(918)2260540 duration:401
2023-05-14 13:15:35 caller:+7 970 772 62 24 callee:+7-910-837-48-82 duration:25
2023-10-11 22:43:29 caller:+7 908 926 25 60 callee:8-901-553-96-93 duration:150
2023-02-19 04:14:44 caller:89518917066 callee:8 965 871 64 73 duration:267
2023-03-26 10:26:40 caller:8-938-119-52-15 callee:+7-(902)-263-04-35 duration:319
2023-11-17 00:35:56 caller:89237472215 callee:89971011096 duration:168
2023-05-27 00:29:05 caller:+7 944 267 31 37 callee:89429222575 duration:292
2023-12-06 01:10:19 caller:+7-998-080-35-68 callee:+7-925-748-98-65 duration:291
2023-10-31 12:04:08 caller:8 975 346 57 10 callee:+7-952-171-15-54 duration:332
2023-06-24 02:22:14 caller:8(973)5414532 callee:8-953-330-45-89 duration:233
2023-01-04 04:31:43 caller:+7-998-080-35-68 callee:8 991 408 63 29 duration:214
2023-01-02 13:06:18 caller:8-968-202-02-25 callee:+79148895983 duration:374
2023-10-11 10:29:29 caller:+7 944 267 31 37 callee:8-929-387-02-55 duration:104
2023-06-02 14:53:05 caller:+7-992-563-53-62 callee:+79646293130 duration:329
2023-03-25 22:01:11 caller:89991520646 callee:+7 962 831 56 00 duration:173
2023-11-26 20:14:46 caller:8-944-460-25-74 callee:+79897919737 duration:389
2023-01-23 03:29:51 caller:+7-(947)-247-19-40 callee:+7-(972)-564-78-73 duration:73
2023-03-17 06:14:35 caller:8 974 783 94 21 callee:89017004576 duration:165
2023-02-18 09:18:35 caller:89360271963 callee:89676572573 duration:320
2023-05-31 03:41:31 caller:+79182214118 callee:8-996-281-10-21 duration:16
2023-08-26 18:14:38 caller:+7-988-350-62-76 callee:8 (942) 987 32 09 duration:534
2023-12-15 02:33:30 caller:+7-952-181-26-07 callee:+7 909 987 96 51 duration:267
2023-03-26 00:34:26 caller:+7-928-468-74-79 callee:+7-913-581-31-50 duration:155
2023-04-08 17:20:36 caller:8 983 205 14 17 callee:8-(915)-306-32-82 duration:471
2023-12-17 22:00:07 caller:89278482886 callee:+7 992 403 59 67 duration:269
2023-11-25 00:46:07 caller:8-921-349-96-83 callee:8 995 615 70 06 duration:74
2023-08-25 14:53:08 caller:+7 914 936 21 73 callee:+7-999-299-84-84 duration:403
2023-01-16 08:09:05 caller:+7 903 379 76 92 callee:+7(985)5174975 duration:96
2023-01-01 13:03:25 caller:89566071793 callee:8 995 615 70 06 duration:207
2023-10-13 14:17:18 caller:+79450763863 callee:+79676363572 duration:549
2023-12-25 04:14:28 caller:+7-(908)-251-28-83 callee:89429222575 duration:97
2023-05-04 21:19:22 caller:89077102177 callee:8-930-928-35-55 duration:17
2023-10-07 03:35:51 caller:8-924-055-39-87 callee:8-953-330-45-89 duration:286
2023-10-03 05:31:42 caller:+79690111380 callee:+79933803921 duration:255
2023-02-08 02:12:54 caller:8(973)5414532 callee:89116546564 duration:178
2023-10-17 12:05:25 caller:+7-944-285-87-83 callee:+7 924 565 66 29 duration:199
2023-05-05 16:33:12 caller:+7-915-592-69-18 callee:+7 932 857 41 32 duration:226
2023-08-03 02:55:59 caller:89119775783 callee:+79948753695 duration:375
2023-10-10 13:58:12 caller:+79892911168 callee:+7 950 484 53 77 duration:294
2023-02-07 02:16:14 caller:8-907-904-60-89 callee:+7-925-670-21-67 duration:164
2023-11-17 20:10:47 caller:+79775556146 callee:+79156371514 duration:563
2023-05-13 09:33:11 caller:8-906-384-51-14 callee:+7-913-767-29-85 duration:453
2023-01-21 01:06:45 caller:8 954 581 95 34 callee:+7 993 850 03 70 duration:230
2023-08-23 06:31:29 caller:+7 953 682 42 08 callee:8-(928)-813-52-27 duration:316
2023-10-10 08:01:09 caller:8 (976) 947 54 02 callee:8 936 146 38 22 duration:281
2023-07-29 06:40:55 caller:+79775556146 callee:+79436177394 duration:6
2023-10-06 23:16:06 caller:+7 970 772 62 24 callee:8-948-376-83-47 duration:380
2023-05-19 03:10:12 caller:+79129475186 callee:8 929 836 18 62 duration:171
2023-03-03 07:30:31 caller:8 957 618 11 94 callee:+7 916 420 15 17 duration:197
2023-08-01 19:17:52 caller:8-947-679-19-06 callee:8 995 615 70 06 duration:386
2023-12-15 06:30:50 caller:+7 974 706 74 80 callee:+79261927471 duration:467
2023-04-06 21:28:23 caller:8 986 483 72 35 callee:8-945-612-27-23 duration:391
2023-03-03 15:38:44 caller:+79039973281 callee:+7 (961) 107 66 50 duration:147
2023-05-16 01:44:32 caller:+79004466958 callee:89004366836 duration:50
2023-05-14 17:11:36 caller:89237472215 callee:+7-970-437-01-11 duration:349
2023-01-12 21:58:01 caller:+7-928-468-74-79 callee:+7-939-630-57-83 duration:150
2023-07-23 09:44:12 caller:89853669543 callee:+79436177394 duration:584
2023-01-30 18:31:24 caller:89057117761 callee:89116881457 duration:272
2023-05-26 23:27:15 caller:89957197802 callee:8-925-292-86-06 duration:542
2023-09-14 23:56:08 caller:8-987-289-95-50 callee:8 (922) 850 05 51 duration:171
2023-10-27 06:11:35 caller:8 (957) 077 84 82 callee:+7 913 161 10 39 duration:21
2023-05-18 09:51:19 caller:+7-985-901-36-11 callee:+7-969-381-99-42 duration:228
2023-11-01 18:51:37 caller:8 956 766 36 44 callee:+7-929-535-02-95 duration:456
2023-03-26 02:17:29 caller:8-907-904-60-89 callee:8-(936)-216-14-91 duration:98
2023-04-23 04:53:30 caller:8 912 679 96 22 callee:+7-(972)-564-78-73 duration:572
2023-08-02 03:49:21 caller:+79069338991 callee:8-975-809-97-15 duration:301
2023-02-22 03:26:49 caller:89698256137 callee:+7 948 240 77 35 duration:454
2023-10-04 04:01:02 caller:+7-958-335-76-54 callee:+7 990 393 05 53 duration:308
2023-05-20 08:16:32 caller:8 964 361 07 14 callee:+7-999-469-83-62 duration:152
2023-10-13 13:48:40 caller:8 956 766 36 44 callee:8-931-294-38-26 duration:131
2023-01-20 10:37:48 caller:+79944933089 callee:+7 938 531 88 03 duration:110
2023-08-23 13:24:54 caller:89294766679 callee:89528921461 duration:308
2023-10-15 09:38:43 caller:+7-995-717-94-23 callee:+79208282747 duration:182
2023-10-11 11:36:15 caller:+7 (927) 116 96 91 callee:+7-963-415-56-22 duration:526
2023-06-26 16:03:03 caller:8-987-289-95-50 callee:8-901-553-96-93 duration:551
2023-07-26 07:34:31 caller:89405513377 callee:8 915 841 65 58 duration:10
2023-07-04 16:02:38 caller:+7(936)7934974 callee:+79751897126 duration:79
2023-05-26 12:29:54 caller:+7 987 427 21 58 callee:+7-999-299-84-84 duration:275
2023-08-07 00:49:10 caller:8 957 618 11 94 callee:89158569384 duration:46
2023-09-06 12:13:30 caller:+7 953 682 42 08 callee:+7 913 161 10 39 duration:159
2023-06-09 20:53:20 caller:+7 (989) 371 44 38 callee:+7-945-522-97-98 duration:204
2023-08-20 09:09:18 caller:+79680462417 callee:+7-968-525-06-56 duration:285
2023-05-07 17:56:30 caller:89727774224 callee:+7-912-449-88-00 duration:266
2023-08-02 18:57:55 caller:8-939-166-68-48 callee:+7 928 599 53 94 duration:407
2023-02-10 19:23:45 caller:+79182214118 callee:8-931-138-96-44 duration:454
2023-01-24 02:49:15 caller:89467920022 callee:89465504439 duration:447
2023-11-07 06:57:54 caller:+79822380078 callee:8 936 146 38 22 duration:469
2023-09-26 21:54:41 caller:+7-928-526-81-00 callee:+7 932 210 95 99 duration:251
2023-03-08 09:14:59 caller:+7-(947)-247-19-40 callee:+7 (933) 416 44 17 duration:420
2023-02-05 20:36:48 caller:8(967)7015905 callee:8-953-330-45-89 duration:541
2023-01-23 05:05:54 caller:+7-988-350-62-76 callee:+7 998 933 95 85 duration:296
2023-05-07 01:04:02 caller:+7 951 020 21 49 callee:8 974 526 60 74 duration:341
2023-03-16 12:50:29 caller:+79762414282 callee:+7 967 533 98 87 duration:365
2023-12-12 14:49:19 caller:+7 971 468 97 61 callee:8 942 896 55 12 duration:503
2023-03-09 02:49:43 caller:8(973)5414532 callee:89017004576 duration:279
2023-04-21 03:08:58 caller:8 (976) 947 54 02 callee:+7 961 576 99 66 duration:141
2023-03-02 10:43:54 caller:+79774572674 callee:8 934 576 15 68 duration:446
2023-08-25 22:07:51 caller:8 (917) 752 67 08 callee:+7(992)1859177 duration:505
2023-08-18 02:23:16 caller:8-928-375-59-05 callee:8-972-824-55-08 duration:313
2023-01-04 07:55:38 caller:+7-931-109-00-45 callee:+79664240867 duration:467
2023-08-23 08:41:07 caller:+7-928-526-81-00 callee:89116546564 duration:275
2023-03-01 18:39:52 caller:8 964 361 07 14 callee:+7 922 994 80 45 duration:290
2023-11-16 05:00:58 caller:+7(910)2292097 callee:+7-913-581-31-50 duration:476
2023-11-03 17:37:14 caller:+7-930-722-43-90 callee:8 952 907 08 67 duration:178
2023-02-05 02:27:20 caller:+79641736150 callee:8 934 576 15 68 duration:321
2023-11-10 17:30:41 caller:+7-991-621-74-49 callee:89847353535 duration:470
2023-07-19 19:26:51 caller:8-(943)-877-24-78 callee:+7-910-837-48-82 duration:166
2023-01-21 08:27:36 caller:+7-911-265-31-84 callee:+7-934-878-70-29 duration:401
2023-04-18 23:23:50 caller:+7 917 796 74 39 callee:8-931-294-38-26 duration:568
2023-06-25 16:01:34 caller:8 913 513 60 58 callee:+7 962 712 45 92 duration:477
2023-10-22 22:06:58 caller:8 913 513 60 58 callee:+7 (961) 107 66 50 duration:177
2023-04-19 01:04:41 caller:+7-929-796-21-93 callee:8 (902) 572 18 07 duration:341
2023-05-15 01:01:30 caller:+79998234871 callee:+79500744516 duration:191
2023-09-18 16:46:00 caller:+7-982-345-84-79 callee:8 (923) 381 89 88 duration:213
2023-10-19 21:58:25 caller:+7 944 386 38 97 callee:+7 932 857 41 32 duration:370
2023-12-16 07:32:23 caller:+79761977043 callee:8 941 643 00 88 duration:78
2023-01-22 06:52:25 caller:+79087926650 callee:+79208282747 duration:235
2023-12-31 11:09:54 caller:89646565282 callee:8 995 615 70 06 duration:376
2023-09-11 20:21:04 caller:+79865966451 callee:8 (912) 086 85 65 duration:54
2023-08-07 13:56:22 caller:+79892911168 callee:8-982-158-84-32 duration:263
2023-01-11 19:23:46 caller:+7-911-265-31-84 callee:+7-996-291-39-28 duration:593
2023-10-17 12:01:58 caller:+79232652386 callee:+7 (999) 819 59 46 duration:107
2023-12-18 23:34:25 caller:+7-(995)-759-65-78 callee:+7 902 574 71 41 duration:400
2023-01-07 07:32:42 caller:+79006396172 callee:8-982-158-84-32 duration:7
2023-05-15 11:43:04 caller:8-949-183-63-34 callee:8 946 792 54 39 duration:407
2023-12-01 05:10:01 caller:8 974 783 94 21 callee:8 974 526 60 74 duration:362
2023-11-29 16:36:03 caller:8-968-202-02-25 callee:+7-979-471-73-39 duration:391
2023-03-04 20:29:51 caller:+7-(946)-027-75-43 callee:+7 (999) 819 59 46 duration:521
2023-04-15 12:37:28 caller:8-(943)-877-24-78 callee:+7 916 420 15 17 duration:543
2023-09-07 21:10:14 caller:+7 981 066 36 51 callee:8 910 333 63 25 duration:394
2023-06-27 00:40:57 caller:+7 (970) 067 76 99 callee:89845889653 duration:218
2023-11-26 19:31:27 caller:+7 941 012 08 18 callee:+79653102043 duration:595
2023-07-04 10:05:35 caller:+7 941 012 08 18 callee:8 991 408 63 29 duration:554
2023-03-15 19:01:14 caller:+7-991-621-74-49 callee:89678702171 duration:589
2023-11-12 17:47:21 caller:+79441239677 callee:89971011096 duration:272
2023-02-23 17:31:05 caller:+7-995-717-94-23 callee:8-963-675-49-44 duration:239
2023-06-30 11:25:14 caller:+7 908 926 25 60 callee:89837290823 duration:499
2023-05-10 03:36:41 caller:89851783277 callee:89308440475 duration:590
2023-08-22 14:20:02 caller:+7 907 588 99 57 callee:8-976-298-02-02 duration:478
2023-02-26 22:16:55 caller:+79944933089 callee:+7(918)2260540 duration:407
2023-04-27 19:23:26 caller:+7-915-592-69-18 callee:8 972 099 55 99 duration:470
2023-12-28 08:41:18 caller:+7 914 936 21 73 callee:8-918-284-04-58 duration:306
2023-08-15 10:58:43 caller:8 964 361 07 14 callee:8-949-943-89-08 duration:386
2023-12-27 12:55:20 caller:+7-915-592-69-18 callee:+7 961 576 99 66 duration:226
2023-03-14 16:11:36 caller:8 915 938 59 31 callee:+7 (911) 487 17 33 duration:312
2023-04-21 14:21:34 caller:8-985-551-41-91 callee:+7 909 987 96 51 duration:297
2023-06-10 18:14:52 caller:+79641736150 callee:+7 998 933 95 85 duration:561
2023-09-23 20:09:30 caller:+7 904 329 21 60 callee:+79500744516 duration:581
2023-02-13 05:51:03 caller:+79043659873 callee:+7-944-843-58-23 duration:488
2023-12-08 22:07:39 caller:+7 903 684 96 89 callee:8 955 703 36 12 duration:431
2023-08-24 04:59:30 caller:8 920 182 57 98 callee:+7 976 726 74 45 duration:410
2023-06-23 01:20:23 caller:+7 943 376 09 18 callee:8-947-892-96-68 duration:356
2023-11-19 01:43:27 caller:+79352704916 callee:+7-979-471-73-39 duration:1
2023-10-12 16:04:37 caller:+79907624715 callee:+7 998 933 95 85 duration:258
2023-04-25 21:06:02 caller:+7-931-589-36-59 callee:8-901-553-96-93 duration:510
2023-01-13 05:49:39 caller:+7-(995)-759-65-78 callee:8-964-157-36-61 duration:565
2023-10-04 13:00:14 caller:8-944-460-25-74 callee:8 (906) 636 97 15 duration:522
2023-10-14 21:23:06 caller:8-938-119-52-15 callee:8-934-972-63-48 duration:512
2023-02-23 04:49:58 caller:8 954 581 95 34 callee:8-930-928-35-55 duration:527
2023-06-20 06:09:15 caller:+7-958-335-76-54 callee:8 968 597 64 37 duration:486
2023-04-17 10:26:02 caller:+7 989 953 84 26 callee:+7-910-837-48-82 duration:132
2023-04-19 05:13:09 caller:+7 968 260 97 50 callee:8-944-093-12-93 duration:446
2023-08-10 12:03:13 caller:89248427368 callee:8 979 805 21 95 duration:558
2023-01-17 01:27:24 caller:+7(910)2292097 callee:+7-934-878-70-29 duration:543
2023-03-31 11:07:13 caller:8-909-555-32-99 callee:+7-968-814-20-71 duration:547
2023-09-10 12:11:12 caller:+7-989-198-25-78 callee:8-(936)-216-14-91 duration:502
2023-09-10 21:23:05 caller:+79043659873 callee:+7-990-138-76-89 duration:499
2023-09-27 19:07:24 caller:8 995 384 18 37 callee:89017004576 duration:87
2023-06-13 19:11:06 caller:+79352704916 callee:89308440475 duration:536
2023-12-18 04:01:01 caller:8 986 483 72 35 callee:8-992-587-97-37 duration:299
2023-04-17 09:34:44 caller:+79680462417 callee:+7 (943) 108 61 14 duration:406
2023-12-12 08:10:22 caller:8-928-375-59-05 callee:+7-968-814-20-71 duration:179
2023-07-05 13:10:44 caller:+7 944 386 38 97 callee:+79305492010 duration:93
2023-10-01 12:51:18 caller:+7-991-621-74-49 callee:8 (983) 962 65 07 duration:476
2023-10-16 18:16:47 caller:+7 981 066 36 51 callee:8-963-675-49-44 duration:308
2023-02-26 02:23:25 caller:8-961-216-58-18 callee:+7-913-581-31-50 duration:151
2023-02-23 04:48:51 caller:89855628720 callee:+79071376986 duration:441
2023-05-09 13:57:55 caller:8-944-460-25-74 callee:+7-969-234-47-35 duration:388
2023-03-24 22:54:02 caller:+7-944-603-67-40 callee:89971011096 duration:182
2023-02-25 18:58:44 caller:+7-915-592-69-18 callee:89004389842 duration:230
2023-01-18 23:01:35 caller:+7 944 267 31 37 callee:+79948753695 duration:527
2023-05-27 20:33:44 caller:+7 975 975 66 72 callee:+7-(902)-263-04-35 duration:148
2023-06-15 12:08:46 caller:89608981533 callee:8-925-292-86-06 duration:372
2023-02-25 23:56:00 caller:8-906-892-16-86 callee:8 936 146 38 22 duration:324
2023-08-28 07:07:20 caller:+7 (918) 164 34 99 callee:+7 962 831 56 00 duration:431
2023-09-20 11:26:10 caller:89566071793 callee:+79395611037 duration:276
2023-11-25 17:36:14 caller:+7 917 796 74 39 callee:89847353535 duration:198
2023-10-21 08:53:37 caller:8-987-725-61-92 callee:+79500744516 duration:368
2023-03-25 17:37:15 caller:89174327065 callee:+7 928 599 53 94 duration:491
2023-08-27 10:57:28 caller:8-924-055-39-87 callee:+79948753695 duration:585
2023-06-09 10:37:23 caller:+7 941 012 08 18 callee:8-947-892-96-68 duration:490
2023-10-13 21:55:44 caller:+7-998-080-35-68 callee:+7-925-670-21-67 duration:499
2023-03-01 09:06:39 caller:+79059529617 callee:8 973 668 68 72 duration:392
2023-12-01 09:40:32 caller:+7-(995)-759-65-78 callee:+79430842733 duration:426
2023-08-12 03:30:01 caller:8-949-254-61-07 callee:8-979-004-47-41 duration:402
2023-08-06 17:16:36 caller:+7 951 746 49 12 callee:8-983-266-90-43 duration:245
2023-06-30 21:12:03 caller:8 912 679 96 22 callee:+7 961 299 91 13 duration:299
2023-08-09 05:12:34 caller:+79069338991 callee:8 934 576 15 68 duration:263
2023-04-19 05:05:51 caller:+7-989-198-25-78 callee:89443514692 duration:296
2023-07-07 13:42:02 caller:+7 973 610 61 02 callee:+7-969-381-99-42 duration:578
2023-06-17 19:43:44 caller:+7 999 580 87 15 callee:8-(980)-861-40-73 duration:568
2023-05-04 00:50:25 caller:8 948 740 72 12 callee:8-983-266-90-43 duration:441
2023-05-06 03:37:54 caller:8-941-903-44-76 callee:+7-980-741-74-47 duration:211
2023-03-10 09:28:03 caller:8 986 483 72 35 callee:8 955 703 36 12 duration:263
2023-08-29 11:47:08 caller:+7 904 329 21 60 callee:8 910 333 63 25 duration:527
2023-06-04 17:32:25 caller:89853669543 callee:8-(959)-012-66-31 duration:363
2023-06-01 07:33:09 caller:8(975)7765690 callee:+7 971 685 27 90 duration:81
2023-02-11 22:51:29 caller:+7-990-807-67-84 callee:8-976-298-02-02 duration:211
2023-03-05 20:38:11 caller:+7 945 454 09 32 callee:+7-(999)-399-65-94 duration:164
2023-09-10 02:33:55 caller:89467920022 callee:+7 (911) 487 17 33 duration:492
2023-12-06 18:03:47 caller:8(935)4143058 callee:8-915-831-75-70 duration:572
2023-03-28 18:59:54 caller:+79352704916 callee:+7(918)2260540 duration:394
2023-03-02 02:39:24 caller:8-935-393-30-50 callee:+7 922 693 81 41 duration:417
2023-06-18 08:54:56 caller:+7-(995)-759-65-78 callee:8-901-553-96-93 duration:42
2023-06-20 04:34:15 caller:8 983 848 53 15 callee:89429222575 duration:452
2023-09-02 22:08:37 caller:8-926-445-87-40 callee:89116881457 duration:67
2023-02-24 11:04:48 caller:+7 934 894 53 96 callee:8 903 476 94 18 duration:498
2023-02-16 11:18:49 caller:+7-992-563-53-62 callee:+79183960739 duration:441
2023-11-09 05:02:26 caller:+7 (918) 164 34 99 callee:8-976-298-02-02 duration:447
2023-04-28 11:56:13 caller:+7 982 642 05 04 callee:8-(941)-718-09-35 duration:113
2023-01-14 22:12:31 caller:+7 (993) 495 74 38 callee:+79585343938 duration:298
2023-10-17 01:12:51 caller:8 960 709 10 34 callee:+7 993 560 31 56 duration:22
2023-11-05 03:09:15 caller:+79059529617 callee:+7 968 016 37 51 duration:97
2023-05-06 16:38:31 caller:8 (982) 949 22 15 callee:8-914-239-11-05 duration:17
2023-06-30 21:25:38 caller:+7 968 260 97 50 callee:+7 950 957 26 92 duration:114
2023-10-20 19:04:58 caller:+7 988 690 82 21 callee:+7-912-449-88-00 duration:496
2023-10-06 00:19:30 caller:8 910 896 06 64 callee:+7 950 957 26 92 duration:374
2023-12-06 09:46:43 caller:8-(911)-306-13-43 callee:8 995 201 13 60 duration:471
2023-07-12 02:19:16 caller:8 (950) 698 52 14 callee:8 904 994 72 33 duration:159
2023-05-10 11:48:12 caller:+7-989-198-25-78 callee:89962050506 duration:168
2023-05-13 09:21:09 caller:+7 907 588 99 57 callee:+7 908 065 25 82 duration:64
2023-06-15 07:55:46 caller:+7(905)1468510 callee:+7-913-767-29-85 duration:579
2023-07-15 04:45:07 caller:89611292355 callee:8 (983) 962 65 07 duration:580
2023-09-02 10:15:09 caller:+79087926650 callee:+7 985 521 75 50 duration:362
2023-03-04 04:46:58 caller:+7-944-302-47-79 callee:8-901-553-96-93 duration:502
2023-11-07 09:12:35 caller:+7-983-578-25-41 callee:89978700303 duration:556
2023-04-20 12:30:13 caller:8 960 709 10 34 callee:+7-980-741-74-47 duration:127
2023-08-14 04:02:18 caller:8(935)4143058 callee:+7-969-234-47-35 duration:361
2023-01-22 22:08:41 caller:+7 (919) 236 71 79 callee:+7-916-082-46-71 duration:134
2023-04-02 03:51:12 caller:+7-948-443-05-57 callee:8 995 615 70 06 duration:160
2023-06-19 19:28:52 caller:8(975)7765690 callee:+7 967 533 98 87 duration:342
2023-03-14 00:26:23 caller:89278482886 callee:89676572573 duration:138
2023-04-10 12:38:32 caller:8 956 766 36 44 callee:8-956-983-11-89 duration:528
2023-05-01 04:58:48 caller:8 978 881 28 01 callee:8 926 150 37 35 duration:81
2023-06-10 18:10:52 caller:89851783277 callee:8 951 757 40 29 duration:138
2023-04-27 05:32:04 caller:+7-944-285-87-83 callee:+7(918)2260540 duration:72
2023-04-18 10:35:11 caller:+7 974 706 74 80 callee:+7-970-437-01-11 duration:23
2023-07-09 17:47:15 caller:89518917066 callee:8-(980)-861-40-73 duration:133
2023-08-22 15:49:31 caller:+79690111380 callee:8 921 652 93 54 duration:33
2023-11-25 18:20:59 caller:+79232652386 callee:89756915618 duration:247
2023-04-17 21:19:29 caller:+79775556146 callee:+7-963-415-56-22 duration:485
2023-07-02 22:49:20 caller:+7 988 690 82 21 callee:+7-916-082-46-71 duration:521
2023-11-03 19:20:24 caller:89287047363 callee:+79395611037 duration:123
2023-09-19 09:31:49 caller:8 964 361 07 14 callee:+79751897126 duration:17
2023-11-26 05:54:32 caller:8(942)9079006 callee:+7-963-415-56-22 duration:105
2023-07-14 19:25:36 caller:+7-923-922-88-29 callee:8 995 201 13 60 duration:421
2023-11-22 19:14:59 caller:+7-956-715-40-28 callee:+7-945-522-97-98 duration:270
2023-02-16 10:56:38 caller:+7-(950)-052-83-57 callee:8-932-004-26-08 duration:568
2023-10-27 00:52:12 caller:+7 927 051 36 83 callee:+7-944-843-58-23 duration:288
2023-08-11 05:55:51 caller:+79822380078 callee:+79071376986 duration:342
2023-07-24 18:37:17 caller:8 940 078 18 89 callee:8-943-596-34-16 duration:197
2023-02-09 18:47:55 caller:+79328632941 callee:+7-970-437-01-11 duration:479
2023-07-20 22:51:21 caller:+7 (907) 913 49 11 callee:+7 950 957 26 92 duration:54
2023-05-02 23:04:58 caller:8-954-531-85-45 callee:+7-990-138-76-89 duration:257
2023-01-29 21:33:59 caller:+7-(947)-247-19-40 callee:8-956-894-27-80 duration:75
2023-05-10 07:35:35 caller:8 932 106 28 79 callee:8-931-576-98-91 duration:40
2023-10-24 16:51:53 caller:89957197802 callee:+7 993 850 03 70 duration:264
2023-12-27 10:41:57 caller:89698256137 callee:+7 940 417 45 12 duration:577
2023-12-01 03:16:10 caller:8-936-149-23-45 callee:89351121953 duration:483
2023-09-05 20:37:52 caller:89405513377 callee:8-953-330-45-89 duration:346
2023-10-06 02:54:51 caller:+7-930-722-43-90 callee:89496844294 duration:367
2023-12-17 00:25:04 caller:+7-995-717-94-23 callee:+7-944-843-58-23 duration:253
2023-09-16 11:50:31 caller:8-932-933-17-40 callee:8 946 987 75 72 duration:561
2023-06-25 20:17:56 caller:+7 943 376 09 18 callee:8 926 150 37 35 duration:245
2023-11-16 23:49:13 caller:+7(910)2292097 callee:+79661832437 duration:123
2023-11-29 10:49:33 caller:89727774224 callee:8-976-298-02-02 duration:504
2023-08-09 07:23:29 caller:+7(936)7934974 callee:8-963-675-49-44 duration:47
2023-04-02 00:04:57 caller:+7 970 772 62 24 callee:8-949-943-89-08 duration:532
2023-12-25 11:35:47 caller:89518917066 callee:+7-976-523-24-51 duration:261
2023-03-19 22:00:05 caller:+79211040088 callee:+7-991-063-35-58 duration:21
2023-08-26 02:49:17 caller:89467920022 callee:8-943-596-34-16 duration:465
2023-07-04 17:48:36 caller:8 970 890 70 07 callee:8 915 841 65 58 duration:258
2023-01-24 07:59:32 caller:8 912 679 96 22 callee:+7-(997)-871-52-00 duration:440
2023-11-14 05:41:49 caller:+7 941 012 08 18 callee:+7-955-217-50-32 duration:435
2023-05-20 20:41:45 caller:8-900-738-69-54 callee:8 930 558 88 18 duration:437
2023-06-19 05:37:14 caller:8-921-349-96-83 callee:8 (922) 850 05 51 duration:309
2023-12-24 12:04:07 caller:+7-(946)-027-75-43 callee:8-996-281-10-21 duration:173
2023-01-23 07:06:32 caller:+79232652386 callee:8-982-158-84-32 duration:77
2023-04-13 13:44:44 caller:+79071192370 callee:+7 971 685 27 90 duration:177
2023-02-04 16:35:25 caller:8-915-292-95-49 callee:+7-945-522-97-98 duration:475
2023-08-24 22:57:41 caller:+79686007152 callee:+7-952-171-15-54 duration:512
2023-01-14 13:05:27 caller:89377537417 callee:8 932 528 28 89 duration:115
2023-01-19 13:31:24 caller:89237472215 callee:8 928 436 19 99 duration:78
2023-10-19 02:05:52 caller:+7-(908)-251-28-83 callee:8-(980)-861-40-73 duration:527
2023-10-25 00:37:15 caller:8-(917)-485-26-76 callee:+79500744516 duration:417
2023-04-11 23:03:08 caller:8-(903)-641-01-59 callee:+7 992 403 59 67 duration:411
2023-02-09 01:27:31 caller:8 (917) 752 67 08 callee:+7 913 161 10 39 duration:290
2023-09-26 13:53:50 caller:+7-911-265-31-84 callee:+7-999-469-83-62 duration:177
2023-06-08 08:24:36 caller:+79069338991 callee:8-960-420-66-22 duration:499
2023-02-22 15:46:07 caller:+79450763863 callee:8 974 526 60 74 duration:579
2023-05-07 14:51:30 caller:8 944 295 14 27 callee:8-963-675-49-44 duration:562
2023-02-28 02:32:54 caller:8 982 318 78 27 callee:8-953-650-13-67 duration:362
2023-09-20 08:18:39 caller:+79713328915 callee:+7 950 957 26 92 duration:594
2023-11-27 03:53:45 caller:+7 919 628 17 64 callee:89075741207 duration:224
2023-01-15 21:19:40 caller:8-970-072-02-45 callee:89443514692 duration:441
2023-01-21 02:44:51 caller:+7 944 386 38 97 callee:+7 993 560 31 56 duration:536
2023-07-03 06:55:21 caller:8-(907)-263-06-17 callee:8 902 027 11 18 duration:111
2023-07-07 22:07:13 caller:8-(911)-306-13-43 callee:8-948-376-83-47 duration:55
2023-09-04 05:35:19 caller:+7(936)7934974 callee:+7-963-415-56-22 duration:403
2023-07-24 10:45:56 caller:+7 973 610 61 02 callee:+7 976 726 74 45 duration:1
2023-04-06 10:57:38 caller:8-957-487-78-34 callee:8-918-284-04-58 duration:288
2023-05-23 03:02:28 caller:8-(943)-877-24-78 callee:8-(913)-731-59-24 duration:53
2023-10-12 19:24:18 caller:8-938-119-52-15 callee:8 934 576 15 68 duration:582
2023-05-29 23:59:17 caller:+7 919 628 17 64 callee:+7 936 075 80 87 duration:95
2023-12-31 19:22:25 caller:+79094178200 callee:+7-957-694-82-92 duration:358
2023-02-22 05:15:58 caller:+7 953 682 42 08 callee:+7-990-138-76-89 duration:189
2023-06-29 07:43:48 caller:8 976 522 95 58 callee:89465504439 duration:76
2023-09-28 20:07:10 caller:8 (935) 123 31 73 callee:+7-991-063-35-58 duration:48
2023-11-07 22:28:12 caller:+7-957-760-50-12 callee:8 (922) 850 05 51 duration:262
2023-07-17 05:58:57 caller:8-985-551-41-91 callee:+7-(999)-184-54-58 duration:93
2023-11-01 08:18:55 caller:+7 (919) 236 71 79 callee:8 930 150 85 81 duration:369
2023-01-21 08:22:32 caller:+7-982-345-84-79 callee:+7 949 439 17 52 duration:247
2023-10-01 23:06:15 caller:+7 944 386 38 97 callee:+7-913-767-29-85 duration:5
2023-11-01 17:08:41 caller:8 926 762 23 18 callee:8-983-266-90-43 duration:356
2023-06-09 18:30:15 caller:8 930 383 08 37 callee:+7 925 276 31 40 duration:247
2023-06-09 05:10:02 caller:+7 987 427 21 58 callee:8-953-650-13-67 duration:49
2023-08-19 03:53:21 caller:+7 (993) 495 74 38 callee:8-923-990-85-98 duration:504
2023-05-30 00:04:30 caller:+7-991-621-74-49 callee:+79897919737 duration:550
2023-01-02 14:12:56 caller:+7 934 775 88 39 callee:+7 949 439 17 52 duration:172
2023-08-24 03:11:23 caller:+7 945 454 09 32 callee:+7 976 726 74 45 duration:493
2023-07-06 21:11:28 caller:89278482886 callee:8 991 408 63 29 duration:38
2023-12-07 22:35:44 caller:+79716635309 callee:8-937-947-87-87 duration:25
2023-09-12 08:05:13 caller:+7(920)4003716 callee:8 972 099 55 99 duration:300
2023-03-30 21:20:58 caller:+7 991 386 10 36 callee:89351121953 duration:184
2023-09-16 00:07:18 caller:8-(911)-306-13-43 callee:89962050506 duration:66
2023-10-22 22:04:24 caller:8-944-460-25-74 callee:+7-934-878-70-29 duration:16
2023-10-12 13:51:55 caller:+7 934 532 95 68 callee:+7-980-741-74-47 duration:204
2023-02-24 17:04:46 caller:+7 934 775 88 39 callee:8-925-292-86-06 duration:145
2023-04-27 07:46:42 caller:+7-985-901-36-11 callee:8-(959)-012-66-31 duration:192
2023-06-18 09:16:18 caller:+7 968 260 97 50 callee:8 (902) 572 18 07 duration:569
2023-12-21 18:55:20 caller:+79450763863 callee:+7 (940) 232 10 09 duration:463
2023-05-29 01:11:50 caller:8(920)3018931 callee:+7 968 016 37 51 duration:213
2023-03-17 21:18:58 caller:+7-931-589-36-59 callee:+79436177394 duration:47
2023-05-20 20:37:23 caller:8 (917) 752 67 08 callee:+7-952-712-24-43 duration:258
2023-02-17 23:52:09 caller:8 956 766 36 44 callee:89634406467 duration:42
2023-05-31 03:41:39 caller:8 983 848 53 15 callee:+79342497489 duration:46
2023-08-15 16:46:53 caller:89627205533 callee:89715120920 duration:336
2023-05-16 22:51:27 caller:+7-943-896-66-38 callee:8 946 987 75 72 duration:574
2023-08-20 08:23:47 caller:89611292355 callee:8-964-157-36-61 duration:54
2023-02-21 05:29:41 caller:8 915 036 65 90 callee:89978700303 duration:521
2023-03-04 18:53:33 caller:+7-(995)-759-65-78 callee:8-945-612-27-23 duration:12
2023-11-01 15:14:35 caller:+7 982 642 05 04 callee:8 910 333 63 25 duration:189
2023-11-26 19:39:06 caller:+7-944-603-67-40 callee:89999742950 duration:351
2023-07-01 06:34:43 caller:89627205533 callee:8 902 027 11 18 duration:522
2023-03-26 06:14:27 caller:89237472215 callee:+7 968 016 37 51 duration:123
2023-12-18 10:28:10 caller:+7(936)7934974 callee:+7 950 957 26 92 duration:105
2023-04-20 03:15:37 caller:8 910 896 06 64 callee:89158569384 duration:153
2023-11-14 01:04:47 caller:+79087926650 callee:89467354792 duration:31
2023-06-01 07:55:06 caller:8-(911)-306-13-43 callee:+79342497489 duration:24
2023-05-08 03:51:21 caller:+79894315942 callee:8-(913)-731-59-24 duration:463
2023-05-19 10:54:54 caller:89613202279 callee:+7 940 417 45 12 duration:277
2023-07-01 00:13:45 caller:8-938-119-52-15 callee:8-956-228-70-26 duration:359
2023-04-21 01:22:26 caller:8-920-276-41-56 callee:8 (961) 905 05 71 duration:397
2023-07-11 05:53:19 caller:+7 938 993 66 18 callee:+7 992 403 59 67 duration:480
2023-05-20 17:24:41 caller:8-(907)-263-06-17 callee:+7 950 957 26 92 duration:138
2023-04-25 10:01:29 caller:+7-929-160-52-69 callee:8 965 871 64 73 duration:487
2023-08-29 17:14:15 caller:+7-989-198-25-78 callee:8-923-990-85-98 duration:331
2023-08-27 20:47:11 caller:89646565282 callee:+7-991-063-35-58 duration:143
2023-04-27 18:35:16 caller:8 974 783 94 21 callee:+7-912-449-88-00 duration:314
2023-11-04 07:25:24 caller:+7-931-109-00-45 callee:+79500744516 duration:217
2023-12-25 02:56:00 caller:8-(917)-485-26-76 callee:+7-976-523-24-51 duration:234
2023-06-09 07:11:54 caller:+7-947-995-19-27 callee:+79148895983 duration:331
2023-11-25 07:00:33 caller:+7-952-181-26-07 callee:8 924 076 12 87 duration:273
2023-10-16 22:55:28 caller:8(973)5414532 callee:8-982-158-84-32 duration:370
2023-06-29 14:41:32 caller:89405513377 callee:8-(988)-028-55-29 duration:236
2023-11-09 20:21:06 caller:+7-947-995-19-27 callee:8-907-846-44-17 duration:534
2023-04-24 22:30:25 caller:+7 (927) 116 96 91 callee:89443514692 duration:240
2023-05-25 22:28:13 caller:8 944 295 14 27 callee:+7 998 933 95 85 duration:82
2023-03-12 22:42:16 caller:+79686007152 callee:8-929-387-02-55 duration:184
2023-05-31 11:44:18 caller:8-926-445-87-40 callee:+7 971 685 27 90 duration:13
2023-11-26 07:14:23 caller:+79844013656 callee:8 974 526 60 74 duration:395
2023-11-29 11:38:29 caller:+7 953 682 42 08 callee:89978700303 duration:272
2023-12-22 08:16:32 caller:8-901-845-45-39 callee:8-953-650-13-67 duration:279
2023-07-06 02:34:12 caller:+7 919 628 17 64 callee:8-(915)-306-32-82 duration:427
2023-06-12 14:18:38 caller:89627205533 callee:+7(985)5174975 duration:296
2023-01-15 23:09:57 caller:+7(920)4003716 callee:+7 962 831 56 00 duration:172
2023-04-08 17:10:00 caller:+7-992-563-53-62 callee:8 972 099 55 99 duration:326
2023-10-22 11:25:18 caller:+7 951 020 21 49 callee:+7 961 299 91 13 duration:208
2023-05-25 00:40:40 caller:8 983 848 53 15 callee:89715120920 duration:253
2023-01-16 18:19:56 caller:+7-944-302-47-79 callee:+79373828410 duration:529
2023-05-30 07:36:49 caller:8 936 859 64 71 callee:8-949-943-89-08 duration:577
2023-11-04 21:23:33 caller:89566071793 callee:8-923-990-85-98 duration:472
2023-04-28 11:21:51 caller:8 (917) 022 10 70 callee:+79661832437 duration:388
2023-05-15 06:19:15 caller:8 946 521 06 87 callee:+7 908 065 25 82 duration:25
2023-09-04 08:41:43 caller:+7 914 936 21 73 callee:8-992-587-97-37 duration:216
2023-05-28 18:06:40 caller:8-(905)-421-03-26 callee:+7-942-678-17-95 duration:267
2023-12-26 09:30:43 caller:+7-928-468-74-79 callee:+7 949 439 17 52 duration:381
2023-08-02 11:02:11 caller:+7-(995)-759-65-78 callee:+7 949 439 17 52 duration:543
2023-06-12 09:33:33 caller:89613202279 callee:8 933 760 80 98 duration:489
2023-12-19 21:41:40 caller:8 (917) 022 10 70 callee:+7 913 161 10 39 duration:3
2023-07-13 01:48:19 caller:+7-995-540-04-42 callee:8-(941)-718-09-35 duration:56
2023-02-27 09:05:26 caller:+79774572674 callee:8 941 440 89 69 duration:585
2023-10-15 16:40:58 caller:8 (985) 852 84 05 callee:+7-968-814-20-71 duration:307
2023-08-13 02:40:54 caller:+79641736150 callee:8 979 481 70 94 duration:306
2023-12-04 07:51:40 caller:89287047363 callee:8 942 896 55 12 duration:357
2023-03-02 08:45:14 caller:8 976 529 63 19 callee:8 938 641 74 55 duration:512
2023-02-19 08:51:19 caller:8-(903)-641-01-59 callee:+79024241076 duration:341
2023-09-20 22:59:04 caller:8 910 896 06 64 callee:8 946 987 75 72 duration:276
2023-06-08 11:59:17 caller:89518917066 callee:+7 961 576 99 66 duration:513
2023-02-04 22:14:36 caller:+7-923-922-88-29 callee:+7 900 342 73 36 duration:188
2023-02-22 01:13:38 caller:89143188123 callee:89676572573 duration:253
2023-03-21 01:08:28 caller:+79196506351 callee:8 (983) 962 65 07 duration:499
2023-06-05 00:20:46 caller:89646565282 callee:8(913)3556608 duration:284
2023-09-15 06:18:45 caller:+7 903 379 76 92 callee:8-956-228-70-26 duration:223
2023-12-31 00:00:38 caller:8 (994) 793 77 72 callee:8 929 836 18 62 duration:349
2023-08-15 14:03:19 caller:+79822380078 callee:8-960-420-66-22 duration:271
2023-01-11 08:11:43 caller:8-927-326-01-21 callee:8 962 145 10 57 duration:433
2023-12-12 02:22:28 caller:89613202279 callee:89002451137 duration:353
2023-05-13 19:38:39 caller:8 (976) 947 54 02 callee:8-982-158-84-32 duration:595
2023-07-25 14:52:04 caller:89143188123 callee:8 (912) 086 85 65 duration:471
2023-07-06 01:33:08 caller:89851783277 callee:8-(988)-028-55-29 duration:43
2023-12-09 01:39:47 caller:+7-911-483-97-67 callee:+79129143005 duration:108
2023-03-13 13:19:21 caller:+79039973281 callee:8 925 661 12 65 duration:567
2023-07-23 13:32:55 caller:+79690111380 callee:+7 973 026 90 80 duration:324
2023-10-01 06:16:55 caller:+79844013656 callee:+79585343938 duration:158
2023-07-19 10:02:25 caller:+79069338991 callee:+7 973 026 90 80 duration:147
2023-02-04 02:51:20 caller:+7-930-722-43-90 callee:8 962 145 10 57 duration:502
2023-12-12 22:32:26 caller:8-985-551-41-91 callee:8 974 526 60 74 duration:367
2023-11-10 20:36:06 caller:+79713328915 callee:89962050506 duration:17
2023-12-24 19:15:18 caller:+7-992-563-53-62 callee:8 930 558 88 18 duration:278
2023-11-14 21:07:10 caller:+7-958-335-76-54 callee:8 931 673 24 24 duration:318
2023-08-05 09:06:49 caller:89611292355 callee:8-956-894-27-80 duration:466
2023-01-28 23:10:54 caller:8-957-487-78-34 callee:+7-969-234-47-35 duration:258
2023-04-26 16:21:12 caller:8 948 740 72 12 callee:89443514692 duration:51
2023-05-18 07:29:21 caller:+7-911-265-31-84 callee:+7 998 933 95 85 duration:146
2023-03-12 01:05:55 caller:+7-915-592-69-18 callee:8 965 871 64 73 duration:99
2023-08-29 00:54:17 caller:+7(920)4003716 callee:8 930 558 88 18 duration:454
2023-10-07 19:37:39 caller:8 986 483 72 35 callee:+7 908 065 25 82 duration:152
2023-02-02 00:15:26 caller:8 912 679 96 22 callee:+7 967 533 98 87 duration:128
2023-06-26 21:10:44 caller:8-949-254-61-07 callee:8 955 703 36 12 duration:472
2023-11-15 02:21:03 caller:+7(910)2292097 callee:8 928 436 19 99 duration:467
2023-09-16 09:33:15 caller:+7 977 683 19 81 callee:+79585343938 duration:571
2023-11-27 23:44:52 caller:+7-960-045-95-32 callee:8 942 896 55 12 duration:490
2023-04-16 07:55:03 caller:+7-929-796-21-93 callee:8 921 652 93 54 duration:249
2023-10-02 06:28:46 caller:8-994-640-35-25 callee:+7 (922) 727 71 19 duration:519
2023-12-21 18:32:26 caller:+7-947-995-19-27 callee:89715120920 duration:309
2023-02-21 19:25:07 caller:+79562254712 callee:89805165145 duration:110
2023-03-02 11:33:38 caller:+7-911-483-97-67 callee:8-930-928-35-55 duration:179
2023-03-12 10:48:29 caller:+7-958-335-76-54 callee:8 926 150 37 35 duration:25
2023-04-18 13:43:50 caller:+79182214118 callee:+79751897126 duration:129
2023-06-07 15:58:28 caller:8 979 432 78 54 callee:89465504439 duration:558
2023-12-28 01:56:59 caller:+7 (918) 164 34 99 callee:8 972 099 55 99 duration:238
2023-03-02 16:33:11 caller:+7-944-285-87-83 callee:8-(990)-445-36-65 duration:379
2023-12-28 04:54:23 caller:8 926 762 23 18 callee:+7-970-437-01-11 duration:111
2023-08-12 01:27:36 caller:8-906-892-16-86 callee:89116881457 duration:545
2023-11-30 05:19:06 caller:+79328632941 callee:+7 968 016 37 51 duration:292
2023-10-19 10:31:15 caller:+79101390487 callee:+7 (922) 727 71 19 duration:56
2023-07-16 15:58:18 caller:89566071793 callee:+7 900 342 73 36 duration:2
2023-01-18 01:12:03 caller:8-(910)-497-83-51 callee:89845889653 duration:202
2023-08-21 23:42:56 caller:+7 945 454 09 32 callee:+79430842733 duration:278
2023-07-10 12:06:06 caller:8 995 384 18 37 callee:8-(959)-012-66-31 duration:204
2023-07-06 16:22:54 caller:8-(903)-641-01-59 callee:+7-957-456-11-28 duration:579
2023-06-07 10:37:29 caller:+7 975 975 66 72 callee:8 921 652 93 54 duration:266
2023-01-17 23:58:51 caller:+7 974 706 74 80 callee:+7-929-535-02-95 duration:45
2023-12-08 19:53:19 caller:+7-989-198-25-78 callee:+7 (943) 108 61 14 duration:5
2023-06-06 22:36:09 caller:8(975)7765690 callee:+7-908-150-01-26 duration:432
2023-02-05 01:02:16 caller:8-(909)-457-10-47 callee:8-960-420-66-22 duration:138
2023-02-04 08:23:46 caller:8-935-393-30-50 callee:8-945-612-27-23 duration:501
2023-01-06 22:05:01 caller:8 912 679 96 22 callee:+7 979 545 93 28 duration:434
2023-11-01 12:03:01 caller:+7-923-922-88-29 callee:8-934-972-63-48 duration:272
2023-07-22 07:43:20 caller:8 (976) 947 54 02 callee:+7-935-140-06-95 duration:200
2023-09-07 18:59:34 caller:+79232652386 callee:+7 962 831 56 00 duration:196
2023-09-02 14:00:47 caller:8(935)4143058 callee:+7 941 989 81 93 duration:129
2023-02-27 13:10:52 caller:+7-(946)-027-75-43 callee:+7 913 161 10 39 duration:482
2023-11-01 16:23:15 caller:+79196506351 callee:+79585343938 duration:48
2023-09-26 01:22:49 caller:+79562254712 callee:8-(941)-718-09-35 duration:413
2023-01-05 12:31:24 caller:8 920 182 57 98 callee:+7 (933) 416 44 17 duration:464
2023-04-11 10:42:19 caller:+7 921 025 66 80 callee:8 952 907 08 67 duration:328
2023-03-03 16:03:52 caller:+7 944 267 31 37 callee:+79737296540 duration:235
2023-04-18 03:28:20 caller:8-987-289-95-50 callee:+7-939-630-57-83 duration:309
2023-03-15 13:34:13 caller:8-901-845-45-39 callee:+7-999-469-83-62 duration:459
2023-08-29 23:53:22 caller:+7-(908)-251-28-83 callee:8 942 896 55 12 duration:199
2023-11-08 05:22:56 caller:+7 904 329 21 60 callee:89465504439 duration:180
2023-03-06 04:52:12 caller:8 983 848 53 15 callee:+7 990 393 05 53 duration:298
2023-10-26 14:45:28 caller:+7 981 066 36 51 callee:+7-945-522-97-98 duration:214
2023-02-23 04:46:32 caller:+79892911168 callee:89249752112 duration:150
2023-06-23 01:01:09 caller:8-987-289-95-50 callee:8(951)6088235 duration:161
2023-06-24 16:01:43 caller:89855628720 callee:8 950 075 80 78 duration:234
2023-09-23 00:57:29 caller:8-938-173-98-27 callee:8 941 440 89 69 duration:225
2023-09-02 08:33:29 caller:8-947-679-19-06 callee:+7-912-449-88-00 duration:99
2023-01-05 11:06:11 caller:89608981533 callee:+79208282747 duration:405
2023-12-19 01:29:06 caller:89957197802 callee:+7-957-694-82-92 duration:542
2023-01-02 17:54:54 caller:89405513377 callee:+7 (922) 727 71 19 duration:313
2023-04-25 12:44:12 caller:8(967)7015905 callee:+7(930)3447233 duration:586
2023-10-23 11:36:36 caller:+7-944-603-67-40 callee:+79436177394 duration:73
2023-06-20 13:57:02 caller:+7-990-807-67-84 callee:8 (912) 086 85 65 duration:157
2023-03-03 21:46:47 caller:8 974 783 94 21 callee:+79524651819 duration:515
2023-08-10 10:32:17 caller:+7-952-181-26-07 callee:+7 968 016 37 51 duration:351
2023-05-18 02:03:13 caller:8-(917)-485-26-76 callee:+7 948 240 77 35 duration:296
2023-11-06 08:55:34 caller:89287047363 callee:+7-991-063-35-58 duration:412
2023-12-23 03:41:58 caller:+79944933089 callee:+7-950-024-11-56 duration:384
2023-03-09 07:47:38 caller:8 986 483 72 35 callee:89709165159 duration:440
2023-05-01 20:04:17 caller:+7 981 066 36 51 callee:89634406467 duration:44
2023-08-09 06:33:31 caller:8 (950) 698 52 14 callee:+79305492010 duration:243
2023-01-08 21:57:13 caller:+7 910 250 66 43 callee:8-948-376-83-47 duration:171
2023-11-23 21:31:05 caller:+79101390487 callee:+7-957-694-82-92 duration:346
2023-12-11 17:48:02 caller:+7-944-302-47-79 callee:+7 948 240 77 35 duration:139
2023-10-09 20:51:08 caller:+7 989 953 84 26 callee:89465504439 duration:386
2023-10-07 02:29:30 caller:8(921)1203670 callee:+7 932 857 41 32 duration:328
2023-08-25 15:15:12 caller:8 948 740 72 12 callee:8 995 615 70 06 duration:162
2023-04-08 08:30:03 caller:+7 973 610 61 02 callee:+79156371514 duration:432
2023-05-10 05:39:24 caller:+79006396172 callee:+7-999-469-83-62 duration:352
2023-09-18 01:03:34 caller:8-956-225-65-35 callee:89676572573 duration:89
2023-08-16 06:57:35 caller:+7 944 267 31 37 callee:8 (976) 879 95 00 duration:573
2023-07-17 02:40:13 caller:8 915 036 65 90 callee:+79071376986 duration:570
2023-01-24 05:14:17 caller:+7 927 051 36 83 callee:8-932-004-26-08 duration:490
2023-03-31 23:10:05 caller:8-920-276-41-56 callee:+7 (940) 232 10 09 duration:578
2023-12-12 23:26:48 caller:89278482886 callee:+7-935-140-06-95 duration:120
2023-08-27 03:44:13 caller:89851215809 callee:8 929 836 18 62 duration:467
2023-06-26 03:23:47 caller:+79229939549 callee:89249752112 duration:263
2023-09-02 15:54:51 caller:89143188123 callee:89999742950 duration:427
2023-07-05 23:47:00 caller:+79383953857 callee:89756915618 duration:457
2023-02-21 14:27:42 caller:8-985-551-41-91 callee:+7-976-523-24-51 duration:325
2023-10-18 01:58:56 caller:+7 934 532 95 68 callee:8 973 668 68 72 duration:525
2023-07-06 17:09:34 caller:+7-990-807-67-84 callee:+7-990-138-76-89 duration:316
2023-03-27 01:33:50 caller:8 930 383 08 37 callee:+7-957-694-82-92 duration:357
2023-10-22 07:05:29 caller:+79761977043 callee:+7 950 484 53 77 duration:215
2023-09-14 21:34:49 caller:+7-928-468-74-79 callee:+7 935 734 41 41 duration:536
2023-03-23 16:44:50 caller:+7-989-198-25-78 callee:89116546564 duration:9
2023-01-08 03:42:50 caller:+7-929-160-52-69 callee:8-983-266-90-43 duration:181
2023-03-03 17:37:14 caller:+7 941 012 08 18 callee:+7 971 685 27 90 duration:170
2023-05-21 18:34:58 caller:+7-992-563-53-62 callee:+7-913-767-29-85 duration:300
2023-07-23 00:36:39 caller:8-(911)-306-13-43 callee:89116546564 duration:552
2023-09-13 13:20:00 caller:+7 (993) 495 74 38 callee:+7 908 065 25 82 duration:447
2023-08-27 12:25:26 caller:8(942)9079006 callee:+7-916-082-46-71 duration:404
2023-03-02 08:56:38 caller:+79182214118 callee:+79408949029 duration:525
2023-11-27 13:44:19 caller:+7-923-922-88-29 callee:89158569384 duration:233
2023-01-13 16:56:51 caller:8-941-903-44-76 callee:+7-950-024-11-56 duration:168
2023-08-25 11:44:30 caller:+7-988-350-62-76 callee:8-944-093-12-93 duration:298
2023-10-14 09:19:44 caller:+7 961 827 90 51 callee:89017004576 duration:598
2023-01-11 16:44:04 caller:+7 968 260 97 50 callee:+79305492010 duration:411
2023-05-08 11:34:25 caller:+7 938 993 66 18 callee:8 968 597 64 37 duration:62
2023-11-20 08:02:31 caller:8-901-845-45-39 callee:+7 998 933 95 85 duration:157
2023-11-15 05:11:05 caller:8 926 762 23 18 callee:8-996-281-10-21 duration:2
2023-03-18 05:43:16 caller:8-(905)-421-03-26 callee:+7-968-814-20-71 duration:555
2023-04-29 12:14:18 caller:8 970 890 70 07 callee:+7 949 439 17 52 duration:300
2023-12-10 02:20:49 caller:+7 968 260 97 50 callee:89776710373 duration:286
2023-03-02 01:09:11 caller:+7 (907) 913 49 11 callee:+79430842733 duration:209
2023-12-09 06:12:18 caller:+79562254712 callee:+7-939-630-57-83 duration:197
2023-10-31 22:58:10 caller:89853669543 callee:8 934 576 15 68 duration:504
2023-01-21 08:22:26 caller:+7 934 894 53 96 callee:8 946 987 75 72 duration:6
2023-01-13 14:05:10 caller:8(935)4143058 callee:8-(941)-718-09-35 duration:21
2023-07-08 16:56:48 caller:+7 945 454 09 32 callee:8 915 841 65 58 duration:13
2023-06-15 07:21:04 caller:+7 915 847 44 40 callee:+79129143005 duration:342
2023-07-29 05:58:50 caller:89627205533 callee:8-982-158-84-32 duration:484
2023-01-24 02:56:14 caller:+7-932-423-17-60 callee:89004389842 duration:243
2023-02-08 09:54:37 caller:+7 934 532 95 68 callee:8-932-004-26-08 duration:225
2023-10-25 15:39:00 caller:+7 (907) 913 49 11 callee:+7 979 545 93 28 duration:252
2023-03-03 12:27:43 caller:8-906-892-16-86 callee:8-918-818-73-22 duration:322
2023-06-23 06:14:22 caller:8-(903)-641-01-59 callee:8 903 476 94 18 duration:293
2023-01-19 16:15:58 caller:+79762414282 callee:8-931-138-96-44 duration:99
2023-10-28 21:50:33 caller:8-935-916-48-66 callee:+7 (999) 819 59 46 duration:185
2023-08-02 03:01:18 caller:+7 941 012 08 18 callee:8 930 150 85 81 duration:524
2023-03-05 06:25:58 caller:89957197802 callee:89845889653 duration:527
2023-04-02 00:49:57 caller:+7-920-022-55-14 callee:89962050506 duration:562
2023-11-11 14:16:13 caller:+79310297409 callee:8 926 150 37 35 duration:452
2023-11-11 19:06:56 caller:+7 953 682 42 08 callee:8-984-883-78-53 duration:435
2023-08-05 15:43:59 caller:8-(906)-919-64-53 callee:89075741207 duration:377
2023-11-30 16:24:39 caller:8 954 581 95 34 callee:+79661832437 duration:110
2023-12-06 17:43:57 caller:+79450763863 callee:+7-958-222-77-54 duration:61
2023-12-20 12:00:20 caller:8 937 508 12 78 callee:8-(936)-216-14-91 duration:556
2023-07-18 13:46:27 caller:+7-957-760-50-12 callee:8 924 634 51 33 duration:387
2023-12-12 22:48:28 caller:+7-923-922-88-29 callee:8 902 027 11 18 duration:411
2023-04-11 07:38:46 caller:8 913 611 88 37 callee:8 966 022 57 25 duration:414
2023-09-24 20:11:49 caller:+7-989-198-25-78 callee:8 974 526 60 74 duration:221
2023-11-06 12:35:48 caller:+7 987 427 21 58 callee:+7-910-837-48-82 duration:42
2023-09-21 18:53:52 caller:8(967)7015905 callee:+7(985)7429021 duration:361
2023-06-20 00:24:35 caller:8-928-375-59-05 callee:+7 961 576 99 66 duration:474
2023-07-26 13:40:32 caller:+7 988 690 82 21 callee:8-983-266-90-43 duration:339
2023-05-12 21:44:10 caller:89885004619 callee:+79395611037 duration:556
2023-06-23 13:47:37 caller:8 957 618 11 94 callee:+7 961 299 91 13 duration:119
2023-11-15 18:09:18 caller:+7-957-760-50-12 callee:+7(930)3447233 duration:78
2023-12-01 15:54:06 caller:8 (917) 512 15 27 callee:89465504439 duration:217
2023-11-12 01:22:45 caller:+7-957-760-50-12 callee:89715120920 duration:316
2023-01-01 03:38:58 caller:8(967)7015905 callee:8-(988)-028-55-29 duration:494
2023-03-10 07:14:20 caller:+7-992-563-53-62 callee:+7 995 021 23 07 duration:328
2023-07-19 06:21:00 caller:+79998234871 callee:+7 998 920 94 78 duration:501
2023-02-23 09:49:06 caller:+7-995-717-94-23 callee:8-(990)-445-36-65 duration:567
2023-05-01 09:28:01 caller:+7 996 346 37 91 callee:8 966 022 57 25 duration:340
2023-12-10 06:11:08 caller:+7-918-560-08-71 callee:8 (961) 905 05 71 duration:368
2023-07-25 15:01:04 caller:+7 951 746 49 12 callee:+7 947 361 85 35 duration:118
2023-08-29 15:55:49 caller:8 937 508 12 78 callee:8-918-818-73-22 duration:59
2023-06-23 01:10:43 caller:89627205533 callee:+7 998 920 94 78 duration:444
2023-08-31 00:01:50 caller:8-994-101-73-80 callee:8-926-078-94-14 duration:414
2023-07-06 01:35:55 caller:8 930 383 08 37 callee:89962050506 duration:402
2023-01-26 01:02:48 caller:+7 919 628 17 64 callee:+7-958-222-77-54 duration:434
2023-02-18 07:23:27 caller:+79716635309 callee:8-947-892-96-68 duration:259
2023-02-20 05:11:25 caller:89853669543 callee:+7 957 637 01 15 duration:433
2023-10-12 09:22:34 caller:+7 917 796 74 39 callee:89634406467 duration:404
2023-12-22 17:21:27 caller:+7 (970) 067 76 99 callee:89467354792 duration:161
2023-04-19 09:06:26 caller:8-907-904-60-89 callee:+79148895983 duration:43
2023-06-03 21:43:31 caller:8 995 384 18 37 callee:+7-912-449-88-00 duration:181
2023-07-21 14:50:49 caller:8-941-903-44-76 callee:+7 998 473 01 21 duration:128
2023-07-03 05:28:58 caller:+7 939 146 11 13 callee:8 991 408 63 29 duration:585
2023-08-25 02:23:21 caller:89885216169 callee:+7-(997)-871-52-00 duration:544
2023-10-15 00:17:27 caller:8-941-903-44-76 callee:+7 928 599 53 94 duration:59
2023-04-16 11:46:53 caller:+7(920)4003716 callee:+79751897126 duration:10
2023-09-24 15:11:53 caller:+79751129615 callee:8-(928)-813-52-27 duration:525
2023-12-14 19:14:19 caller:+7 943 376 09 18 callee:8 965 871 64 73 duration:350
2023-01-14 05:24:14 caller:+7-929-796-21-93 callee:+79342497489 duration:477
2023-03-04 08:22:06 caller:8-954-531-85-45 callee:+7(918)2260540 duration:596
2023-12-09 21:12:24 caller:+7 910 250 66 43 callee:89978700303 duration:171
2023-12-31 20:40:07 caller:89518917066 callee:8 979 805 21 95 duration:459
2023-08-18 21:35:34 caller:+7-995-717-94-23 callee:89845889653 duration:583
2023-10-29 07:36:53 caller:+7 988 690 82 21 callee:+79373828410 duration:560
2023-02-18 21:32:41 caller:+7 915 847 44 40 callee:8-947-895-93-77 duration:499
2023-02-23 19:22:58 caller:8-970-072-02-45 callee:8-(936)-216-14-91 duration:106
2023-08-15 06:59:47 caller:+79562254712 callee:89116546564 duration:437
2023-01-02 11:16:36 caller:+7 975 670 17 36 callee:8-907-846-44-17 duration:507
2023-09-05 02:02:12 caller:+7 961 827 90 51 callee:8-(954)-619-85-00 duration:128
2023-04-04 08:23:31 caller:+7-930-722-43-90 callee:+7 928 599 53 94 duration:526
2023-08-25 02:02:57 caller:8 (985) 852 84 05 callee:8 915 841 65 58 duration:506
2023-09-30 21:36:01 caller:+7-943-003-73-51 callee:8 946 792 54 39 duration:319
2023-01-30 03:34:30 caller:8 (917) 752 67 08 callee:+7 925 276 31 40 duration:475
2023-01-12 08:34:55 caller:+79043659873 callee:89251258083 duration:416
2023-04-26 22:19:07 caller:+79865966451 callee:8 (983) 962 65 07 duration:430
2023-01-26 17:39:17 caller:8-954-531-85-45 callee:+7-979-471-73-39 duration:14
2023-08-09 17:13:19 caller:89855628720 callee:+7 961 299 91 13 duration:211
2023-06-06 18:13:01 caller:8-915-292-95-49 callee:8-931-294-38-26 duration:288
2023-03-23 09:48:47 caller:89698256137 callee:+7-(902)-263-04-35 duration:391
2023-04-21 21:54:41 caller:+7 907 588 99 57 callee:+79436177394 duration:379
2023-03-18 19:59:34 caller:+7 996 346 37 91 callee:8 942 896 55 12 duration:444
2023-04-11 04:49:56 caller:+7 973 610 61 02 callee:+7 993 850 03 70 duration:352
2023-01-19 18:30:41 caller:8 915 036 65 90 callee:8-953-650-13-67 duration:120
2023-08-09 17:30:11 caller:8-(943)-877-24-78 callee:8 (902) 572 18 07 duration:45
2023-02-25 21:10:20 caller:8-(907)-263-06-17 callee:8 902 027 11 18 duration:14
2023-02-20 11:30:08 caller:+79328632941 callee:+7(930)3447233 duration:532
2023-04-19 04:56:55 caller:8 (957) 077 84 82 callee:+7-963-415-56-22 duration:43
2023-03-20 00:52:16 caller:+79761977043 callee:8-(915)-306-32-82 duration:510
2023-06-24 08:46:57 caller:8-(905)-421-03-26 callee:8 950 075 80 78 duration:486
2023-09-10 23:15:34 caller:89360271963 callee:89429222575 duration:310
2023-10-09 11:28:40 caller:+7-982-345-84-79 callee:+7 941 989 81 93 duration:372
2023-12-19 20:49:48 caller:8-938-119-52-15 callee:8-914-239-11-05 duration:29
2023-11-25 08:02:40 caller:8-(911)-306-13-43 callee:+7 973 026 90 80 duration:506
2023-09-21 15:31:50 caller:+7 996 346 37 91 callee:89429222575 duration:204
2023-11-08 09:28:07 caller:8 948 740 72 12 callee:+7 (999) 819 59 46 duration:544
2023-10-14 21:35:49 caller:+7 973 610 61 02 callee:+7-925-748-98-65 duration:572
2023-12-28 14:55:35 caller:+7-995-540-04-42 callee:+79423305796 duration:479
2023-05-28 04:43:03 caller:+7 919 628 17 64 callee:+7 962 712 45 92 duration:227
2023-01-14 04:35:19 caller:+7-948-443-05-57 callee:+7-939-630-57-83 duration:404
2023-05-02 00:59:18 caller:+79774572674 callee:8 928 436 19 99 duration:273
2023-05-24 11:27:31 caller:8-939-166-68-48 callee:89496844294 duration:36
2023-04-07 14:44:46 caller:+79944933089 callee:+7 912 973 19 22 duration:223
2023-09-15 04:57:28 caller:+79094178200 callee:+7-996-291-39-28 duration:228
2023-07-06 16:44:00 caller:+7 999 580 87 15 callee:+79933803921 duration:117
2023-09-01 04:08:49 caller:+79069338991 callee:8 (983) 962 65 07 duration:530
2023-09-21 19:42:49 caller:8-985-551-41-91 callee:89709165159 duration:452
2023-04-08 14:25:52 caller:+7 914 936 21 73 callee:+7-957-456-11-28 duration:268
2023-07-25 09:15:52 caller:89057117761 callee:+7 932 011 50 77 duration:556
2023-06-03 02:24:39 caller:+7-982-345-84-79 callee:8 941 440 89 69 duration:474
2023-09-18 15:31:17 caller:8 972 695 67 76 callee:8(913)3556608 duration:45
2023-01-09 13:54:51 caller:89119775783 callee:+7 (914) 983 92 51 duration:451
2023-12-08 01:49:32 caller:+79761977043 callee:8-(954)-619-85-00 duration:361
2023-04-22 20:41:28 caller:+7 952 624 80 77 callee:8-983-266-90-43 duration:248
2023-09-18 19:32:07 caller:8 913 611 88 37 callee:8 (922) 850 05 51 duration:218
2023-11-11 05:55:58 caller:89851783277 callee:8-926-078-94-14 duration:294
2023-03-05 04:33:28 caller:+79229939549 callee:8 940 502 63 71 duration:276
2023-02-06 19:25:06 caller:8 964 361 07 14 callee:+79524651819 duration:22
2023-11-14 00:00:31 caller:+79094178200 callee:+7-955-217-50-32 duration:210
2023-12-30 09:37:10 caller:+7(910)2292097 callee:+7 913 733 80 87 duration:197
2023-07-03 19:26:21 caller:8(967)7015905 callee:8 966 022 57 25 duration:480
2023-08-08 12:36:39 caller:+7-920-022-55-14 callee:89017004576 duration:249
2023-11-06 09:41:08 caller:8 944 295 14 27 callee:89088240419 duration:468
2023-09-13 17:06:32 caller:8 (985) 852 84 05 callee:+7 913 161 10 39 duration:370
2023-10-31 23:19:06 caller:+79101390487 callee:8-983-188-99-27 duration:142
2023-03-31 09:21:35 caller:8-985-551-41-91 callee:8-(980)-861-40-73 duration:150
2023-10-23 23:14:55 caller:8-987-289-95-50 callee:+7 993 850 03 70 duration:450
2023-01-29 03:21:14 caller:+7 945 454 09 32 callee:+7 948 240 77 35 duration:577
2023-12-04 08:15:41 caller:+79071192370 callee:8 962 145 10 57 duration:564
2023-04-02 19:36:24 caller:8 960 709 10 34 callee:8 931 673 24 24 duration:444
2023-12-01 12:21:15 caller:+7-983-578-25-41 callee:8-949-943-89-08 duration:593
2023-09-11 13:58:42 caller:89710497814 callee:8 933 760 80 98 duration:423
2023-11-10 11:23:56 caller:+7-920-022-55-14 callee:+7 948 240 77 35 duration:578
2023-08-29 14:01:10 caller:8 979 432 78 54 callee:+79661832437 duration:3
2023-07-26 22:33:01 caller:8-935-916-48-66 callee:+7-994-152-47-57 duration:424
2023-06-14 04:01:52 caller:89851783277 callee:8-983-188-99-27 duration:402
2023-01-10 20:09:06 caller:+79716635309 callee:8-963-675-49-44 duration:90
2023-06-12 01:53:23 caller:+79004466958 callee:+79653102043 duration:394
2023-04-22 13:53:43 caller:89405513377 callee:8 973 668 68 72 duration:329
2023-04-24 21:42:29 caller:+79774572674 callee:+79342497489 duration:319
2023-05-19 18:11:17 caller:+7(910)2292097 callee:+7 (914) 983 92 51 duration:270
2023-08-26 19:13:59 caller:8 944 295 14 27 callee:8-901-553-96-93 duration:288
2023-08-21 00:22:08 caller:+7-995-717-94-23 callee:+7-957-694-82-92 duration:196
2023-04-09 04:02:12 caller:8 982 318 78 27 callee:8-926-078-94-14 duration:31
2023-02-20 02:01:04 caller:8-926-445-87-40 callee:+7 979 545 93 28 duration:188
2023-03-29 22:45:13 caller:89646565282 callee:8 938 641 74 55 duration:100
2023-09-02 14:47:33 caller:+7-(995)-759-65-78 callee:+7-(972)-564-78-73 duration:458
2023-08-20 23:59:02 caller:8-932-933-17-40 callee:8-982-158-84-32 duration:188
2023-05-13 04:10:57 caller:89374527397 callee:+79305492010 duration:59
2023-12-13 06:08:22 caller:8 915 938 59 31 callee:8-934-972-63-48 duration:105
2023-12-02 13:12:10 caller:89143188123 callee:89837290823 duration:430
2023-08-12 05:55:34 caller:+7 977 683 19 81 callee:+7 938 531 88 03 duration:479
2023-12-15 07:24:30 caller:+79907624715 callee:+79148895983 duration:125
2023-06-09 22:21:53 caller:89851215809 callee:8-918-284-04-58 duration:226
2023-01-09 22:48:10 caller:+7-(946)-027-75-43 callee:+7-970-437-01-11 duration:248
2023-07-29 18:23:09 caller:89698256137 callee:+7 940 417 45 12 duration:311
2023-01-26 16:18:57 caller:8-901-845-45-39 callee:89847353535 duration:271
2023-09-21 17:00:57 caller:8 937 508 12 78 callee:89017004576 duration:453
2023-01-30 12:22:17 caller:+7-995-717-94-23 callee:+7 985 521 75 50 duration:538
2023-02-07 20:45:55 caller:+7 934 775 88 39 callee:8-980-938-26-99 duration:18
2023-06-12 00:22:00 caller:+79034049391 callee:+7-935-140-06-95 duration:312
2023-11-27 15:02:17 caller:89119775783 callee:8-907-846-44-17 duration:375
2023-01-20 07:36:13 caller:8-994-101-73-80 callee:89004389842 duration:140
2023-01-30 02:37:41 caller:+79822380078 callee:89776710373 duration:67
2023-05-08 02:33:06 caller:8(921)1203670 callee:8-983-266-90-43 duration:596
2023-02-12 23:47:14 caller:+7-995-717-94-23 callee:+7 949 439 17 52 duration:16
2023-11-12 14:46:15 caller:+7-(946)-027-75-43 callee:+7-912-449-88-00 duration:78
2023-05-24 20:18:54 caller:+79844013656 callee:+7 (911) 487 17 33 duration:572
2023-04-12 06:58:27 caller:8 (994) 793 77 72 callee:8-980-938-26-99 duration:81
2023-09-14 23:40:18 caller:+7-911-483-97-67 callee:+7 992 403 59 67 duration:177
2023-07-29 10:21:58 caller:+7 961 827 90 51 callee:+79156371514 duration:484
2023-08-01 20:57:02 caller:8-(910)-497-83-51 callee:8(913)3556608 duration:581
2023-12-23 16:11:10 caller:8-953-072-21-35 callee:+7-925-670-21-67 duration:89
2023-09-17 09:29:37 caller:+7 917 796 74 39 callee:+7-969-381-99-42 duration:226
2023-10-09 13:46:43 caller:+7-(908)-251-28-83 callee:8-915-831-75-70 duration:178
2023-02-04 07:10:52 caller:8 982 318 78 27 callee:8-956-228-70-26 duration:514
2023-03-14 20:58:56 caller:+7 944 386 38 97 callee:+7 949 439 17 52 duration:251
2023-11-28 10:27:40 caller:+7 903 684 96 89 callee:89709165159 duration:272
2023-11-28 11:18:26 caller:8-932-933-17-40 callee:+7-996-291-39-28 duration:306
2023-03-09 01:43:21 caller:8 983 205 14 17 callee:+7-957-456-11-28 duration:431
2023-03-14 07:40:12 caller:8 982 318 78 27 callee:8-943-596-34-16 duration:460
2023-11-30 20:01:03 caller:+7 907 588 99 57 callee:+7 971 685 27 90 duration:204
2023-05-11 05:25:48 caller:+79774572674 callee:89075741207 duration:320
2023-11-09 20:31:13 caller:8-900-738-69-54 callee:8 928 436 19 99 duration:243
2023-09-22 22:35:15 caller:+79211040088 callee:+7-929-535-02-95 duration:512
2023-05-11 12:16:47 caller:+79441239677 callee:8-953-650-13-67 duration:193
2023-08-12 18:23:21 caller:+7-957-760-50-12 callee:+7 950 957 26 92 duration:201
2023-08-08 05:24:35 caller:+7 (927) 116 96 91 callee:8-982-158-84-32 duration:436
2023-01-20 16:27:13 caller:+79690111380 callee:8-996-281-10-21 duration:21
2023-11-29 16:25:55 caller:8 (917) 512 15 27 callee:+7(918)2260540 duration:422
2023-07-29 03:58:16 caller:+7 944 267 31 37 callee:+7(985)7429021 duration:7
2023-08-28 05:34:59 caller:89566071793 callee:+79661832437 duration:464
2023-10-25 14:20:11 caller:8 970 890 70 07 callee:8 931 673 24 24 duration:430
2023-12-16 21:58:36 caller:8 913 611 88 37 callee:+7 938 531 88 03 duration:78
2023-08-28 19:15:10 caller:+7-912-619-07-53 callee:+7-931-565-74-38 duration:130
2023-05-21 13:19:54 caller:8 915 938 59 31 callee:+7 961 576 99 66 duration:47
2023-03-15 11:04:46 caller:+7 989 953 84 26 callee:8-980-938-26-99 duration:557
2023-09-21 10:29:08 caller:+79761977043 callee:+7 908 065 25 82 duration:357
2023-10-12 07:30:58 caller:8 (976) 947 54 02 callee:+7-958-222-77-54 duration:325
2023-11-24 03:25:55 caller:8-915-802-85-14 callee:+7-(985)-927-40-88 duration:519
2023-02-20 18:34:53 caller:8 936 859 64 71 callee:89249752112 duration:392
2023-04-23 20:33:53 caller:8 911 640 06 31 callee:8-960-420-66-22 duration:40
2023-02-19 00:53:57 caller:+7 989 953 84 26 callee:+7 916 420 15 17 duration:430
2023-03-25 12:39:12 caller:8 932 106 28 79 callee:+7-996-291-39-28 duration:180
2023-12-19 06:11:08 caller:8 937 508 12 78 callee:8 921 652 93 54 duration:278
2023-07-03 10:01:30 caller:+79071192370 callee:+7 961 576 99 66 duration:535
2023-08-08 16:47:12 caller:+7 987 427 21 58 callee:89999742950 duration:166
2023-06-17 11:44:33 caller:8 935 706 27 97 callee:+79148895983 duration:302
2023-10-28 01:09:33 caller:+79247883867 callee:8-982-158-84-32 duration:458
2023-07-06 14:40:08 caller:+7 970 772 62 24 callee:+7-908-150-01-26 duration:64
2023-04-02 22:23:58 caller:89885004619 callee:+7 987 612 65 18 duration:167
2023-09-10 04:18:21 caller:+7-923-922-88-29 callee:+79259961594 duration:292
2023-09-02 21:09:49 caller:+7 968 260 97 50 callee:89634406467 duration:35
2023-06-03 01:08:04 caller:+7 974 706 74 80 callee:89004366836 duration:521
2023-10-14 18:02:33 caller:+79690111380 callee:89429222575 duration:40
2023-12-31 18:51:37 caller:+7 945 454 09 32 callee:+7 924 565 66 29 duration:175
2023-01-21 13:31:05 caller:+7-988-350-62-76 callee:89847353535 duration:130
2023-05-22 20:11:30 caller:89057117761 callee:+7-991-063-35-58 duration:166
2023-04-23 13:15:32 caller:+7 915 847 44 40 callee:8-907-846-44-17 duration:79
2023-05-27 01:24:59 caller:8-909-555-32-99 callee:8 (976) 879 95 00 duration:15
2023-10-03 15:41:35 caller:+7-947-995-19-27 callee:+7(918)2260540 duration:412
2023-06-18 18:03:41 caller:+7 934 775 88 39 callee:+7 985 521 75 50 duration:218
2023-06-15 10:07:57 caller:+79946676306 callee:+7 922 994 80 45 duration:364
2023-07-20 09:37:56 caller:8 (985) 852 84 05 callee:8 930 558 88 18 duration:496
2023-02-09 04:56:42 caller:+7-944-285-87-83 callee:+7 (911) 487 17 33 duration:495
2023-04-23 15:41:59 caller:+7 952 624 80 77 callee:+7 932 210 95 99 duration:122
2023-10-24 05:42:35 caller:89611292355 callee:+7-931-565-74-38 duration:574
2023-05-29 11:42:27 caller:+79616776583 callee:+79208282747 duration:378
2023-12-03 18:20:27 caller:8-924-055-39-87 callee:8-975-809-97-15 duration:77
2023-04-17 14:09:38 caller:+79641736150 callee:+79933803921 duration:323
2023-10-21 12:10:50 caller:8 926 762 23 18 callee:8 991 408 63 29 duration:313
2023-12-09 14:01:58 caller:8 930 383 08 37 callee:8 951 757 40 29 duration:552
2023-12-29 20:11:57 caller:8-(905)-421-03-26 callee:+7 962 712 45 92 duration:296
2023-02-03 00:06:04 caller:8-928-375-59-05 callee:+79676363572 duration:542
